[0.021s] Invoking command in '/home/newton/lib/build/odrive_can': /usr/local/bin/cmake /home/newton/lib/ros_odrive/odrive_node -DCMAKE_INSTALL_PREFIX=/home/newton/lib/install/odrive_can
[0.191s] [0mCMake Deprecation Warning at CMakeLists.txt:1 (cmake_minimum_required):
[0.191s]   Compatibility with CMake < 3.10 will be removed from a future version of
[0.191s]   CMake.
[0.191s] 
[0.192s]   Update the VERSION argument <min> value.  Or, use the <min>...<max> syntax
[0.192s]   to tell CMake that the project requires at least <min> but has been updated
[0.192s]   to work with policies introduced by <max> or earlier.
[0.192s] 
[0.192s] [0m
[0.356s] -- The C compiler identification is GNU 11.4.0
[0.512s] -- The CXX compiler identification is GNU 11.4.0
[0.536s] -- Detecting C compiler ABI info
[0.670s] -- Detecting C compiler ABI info - done
[0.715s] -- Check for working C compiler: /usr/bin/cc - skipped
[0.717s] -- Detecting C compile features
[0.718s] -- Detecting C compile features - done
[0.752s] -- Detecting CXX compiler ABI info
[0.896s] -- Detecting CXX compiler ABI info - done
[0.938s] -- Check for working CXX compiler: /usr/bin/c++ - skipped
[0.939s] -- Detecting CXX compile features
[0.941s] -- Detecting CXX compile features - done
[0.983s] [31mCMake Error at CMakeLists.txt:9 (find_package):
[0.983s]   By not providing "Findament_cmake.cmake" in CMAKE_MODULE_PATH this project
[0.983s]   has asked CMake to find a package configuration file provided by
[0.984s]   "ament_cmake", but CMake did not find one.
[0.984s] 
[0.984s]   Could not find a package configuration file provided by "ament_cmake" with
[0.984s]   any of the following names:
[0.985s] 
[0.985s]     ament_cmakeConfig.cmake
[0.985s]     ament_cmake-config.cmake
[0.985s] 
[0.985s]   Add the installation prefix of "ament_cmake" to CMAKE_PREFIX_PATH or set
[0.986s]   "ament_cmake_DIR" to a directory containing one of the above files.  If
[0.986s]   "ament_cmake" provides a separate development package or SDK, be sure it
[0.986s]   has been installed.
[0.986s] 
[0.987s] [0m
[0.987s] -- Configuring incomplete, errors occurred!
[0.993s] Invoked command in '/home/newton/lib/build/odrive_can' returned '1': /usr/local/bin/cmake /home/newton/lib/ros_odrive/odrive_node -DCMAKE_INSTALL_PREFIX=/home/newton/lib/install/odrive_can
