[0.031s] Invoking command in '/home/modules/build/odrive_motor': /usr/local/bin/cmake /home/modules/src/motor -DCMAKE_INSTALL_PREFIX=/home/modules/install/odrive_motor
[0.276s] -- The C compiler identification is GNU 11.4.0
[0.396s] -- The CXX compiler identification is GNU 11.4.0
[0.424s] -- Detecting C compiler ABI info
[0.552s] -- Detecting C compiler ABI info - done
[0.604s] -- Check for working C compiler: /usr/bin/cc - skipped
[0.604s] -- Detecting C compile features
[0.606s] -- Detecting C compile features - done
[0.638s] -- Detecting CXX compiler ABI info
[0.782s] -- Detecting CXX compiler ABI info - done
[0.835s] -- Check for working CXX compiler: /usr/bin/c++ - skipped
[0.836s] -- Detecting CXX compile features
[0.838s] -- Detecting CXX compile features - done
[0.859s] -- Found ament_cmake: 1.3.11 (/opt/ros/humble/install/share/ament_cmake/cmake)
[1.162s] -- Found Python3: /usr/local/bin/python3 (found version "3.10.12") found components: Interpreter
[1.381s] -- Found rclcpp: 16.0.11 (/opt/ros/humble/install/share/rclcpp/cmake)
[1.486s] -- Found rosidl_generator_c: 3.1.6 (/opt/ros/humble/install/share/rosidl_generator_c/cmake)
[1.496s] -- Found rosidl_adapter: 3.1.6 (/opt/ros/humble/install/share/rosidl_adapter/cmake)
[1.516s] -- Found rosidl_generator_cpp: 3.1.6 (/opt/ros/humble/install/share/rosidl_generator_cpp/cmake)
[1.545s] -- Using all available rosidl_typesupport_c: rosidl_typesupport_fastrtps_c;rosidl_typesupport_introspection_c
[1.584s] -- Using all available rosidl_typesupport_cpp: rosidl_typesupport_fastrtps_cpp;rosidl_typesupport_introspection_cpp
[1.689s] -- Found rmw_implementation_cmake: 6.1.2 (/opt/ros/humble/install/share/rmw_implementation_cmake/cmake)
[1.694s] -- Found rmw_fastrtps_cpp: 6.2.7 (/opt/ros/humble/install/share/rmw_fastrtps_cpp/cmake)
[1.863s] -- Found OpenSSL: /usr/lib/aarch64-linux-gnu/libcrypto.so (found version "3.0.2")
[1.925s] -- Found FastRTPS: /opt/ros/humble/install/include
[2.011s] -- Using RMW implementation 'rmw_fastrtps_cpp' as default
[2.029s] -- Performing Test CMAKE_HAVE_LIBC_PTHREAD
[2.157s] -- Performing Test CMAKE_HAVE_LIBC_PTHREAD - Success
[2.161s] -- Found Threads: TRUE
[2.334s] [31mCMake Error at CMakeLists.txt:18 (find_package):
[2.334s]   By not providing "Findodrive_can.cmake" in CMAKE_MODULE_PATH this project
[2.334s]   has asked CMake to find a package configuration file provided by
[2.334s]   "odrive_can", but CMake did not find one.
[2.335s] 
[2.335s]   Could not find a package configuration file provided by "odrive_can" with
[2.335s]   any of the following names:
[2.335s] 
[2.336s]     odrive_canConfig.cmake
[2.336s]     odrive_can-config.cmake
[2.336s] 
[2.336s]   Add the installation prefix of "odrive_can" to CMAKE_PREFIX_PATH or set
[2.336s]   "odrive_can_DIR" to a directory containing one of the above files.  If
[2.337s]   "odrive_can" provides a separate development package or SDK, be sure it has
[2.337s]   been installed.
[2.337s] 
[2.337s] [0m
[2.337s] -- Configuring incomplete, errors occurred!
[2.358s] Invoked command in '/home/modules/build/odrive_motor' returned '1': /usr/local/bin/cmake /home/modules/src/motor -DCMAKE_INSTALL_PREFIX=/home/modules/install/odrive_motor
