[0mCMake Deprecation Warning at CMakeLists.txt:1 (cmake_minimum_required):
  Compatibility with CMake < 3.10 will be removed from a future version of
  CMake.

  Update the VERSION argument <min> value.  Or, use the <min>...<max> syntax
  to tell CMake that the project requires at least <min> but has been updated
  to work with policies introduced by <max> or earlier.

[0m
[33mCMake Warning (dev) at /opt/ros/humble/install/share/rosidl_generator_py/cmake/rosidl_generator_py_generate_interfaces.cmake:20 (find_package):
  Policy CMP0148 is not set: The FindPythonInterp and FindPythonLibs modules
  are removed.  Run "cmake --help-policy CMP0148" for policy details.  Use
  the cmake_policy command to set the policy and suppress this warning.

Call Stack (most recent call first):
  /opt/ros/humble/install/share/ament_cmake_core/cmake/core/ament_execute_extensions.cmake:48 (include)
  /opt/ros/humble/install/share/rosidl_cmake/cmake/rosidl_generate_interfaces.cmake:286 (ament_execute_extensions)
  CMakeLists.txt:14 (rosidl_generate_interfaces)
This warning is for project developers.  Use -Wno-dev to suppress it.
[0m
[33mCMake Warning (dev) at /opt/ros/humble/install/share/python_cmake_module/cmake/Modules/FindPythonExtra.cmake:52 (find_package):
  Policy CMP0148 is not set: The FindPythonInterp and FindPythonLibs modules
  are removed.  Run "cmake --help-policy CMP0148" for policy details.  Use
  the cmake_policy command to set the policy and suppress this warning.

Call Stack (most recent call first):
  /opt/ros/humble/install/share/rosidl_generator_py/cmake/rosidl_generator_py_generate_interfaces.cmake:23 (find_package)
  /opt/ros/humble/install/share/ament_cmake_core/cmake/core/ament_execute_extensions.cmake:48 (include)
  /opt/ros/humble/install/share/rosidl_cmake/cmake/rosidl_generate_interfaces.cmake:286 (ament_execute_extensions)
  CMakeLists.txt:14 (rosidl_generate_interfaces)
This warning is for project developers.  Use -Wno-dev to suppress it.
[0m
[33mCMake Warning (dev) at /opt/ros/humble/install/share/python_cmake_module/cmake/Modules/FindPythonExtra.cmake:140 (find_package):
  Policy CMP0148 is not set: The FindPythonInterp and FindPythonLibs modules
  are removed.  Run "cmake --help-policy CMP0148" for policy details.  Use
  the cmake_policy command to set the policy and suppress this warning.

Call Stack (most recent call first):
  /opt/ros/humble/install/share/rosidl_generator_py/cmake/rosidl_generator_py_generate_interfaces.cmake:23 (find_package)
  /opt/ros/humble/install/share/ament_cmake_core/cmake/core/ament_execute_extensions.cmake:48 (include)
  /opt/ros/humble/install/share/rosidl_cmake/cmake/rosidl_generate_interfaces.cmake:286 (ament_execute_extensions)
  CMakeLists.txt:14 (rosidl_generate_interfaces)
This warning is for project developers.  Use -Wno-dev to suppress it.
[0m
[01m[K/home/newton/lib/ros_odrive/odrive_node/src/odrive_can_node.cpp:[m[K In member function ‘[01m[Kvoid ODriveCanNode::service_clear_errors_callback(std::shared_ptr<std_srvs::srv::Empty_Request_<std::allocator<void> > >, std::shared_ptr<std_srvs::srv::Empty_Response_<std::allocator<void> > >)[m[K’:
[01m[K/home/newton/lib/ros_odrive/odrive_node/src/odrive_can_node.cpp:202:89:[m[K [01;35m[Kwarning: [m[Kunused parameter ‘[01m[Krequest[m[K’ [[01;35m[K-Wunused-parameter[m[K]
  202 | void ODriveCanNode::service_clear_errors_callback([01;35m[Kconst std::shared_ptr<Empty::Request> request[m[K, std::shared_ptr<Empty::Response> response) {
      |                                                   [01;35m[K~~~~~~~~~~~~~~~~~~~~~~~~~~~~~~~~~~~~~~^~~~~~~[m[K
[01m[K/home/newton/lib/ros_odrive/odrive_node/src/odrive_can_node.cpp:202:131:[m[K [01;35m[Kwarning: [m[Kunused parameter ‘[01m[Kresponse[m[K’ [[01;35m[K-Wunused-parameter[m[K]
  202 | void ODriveCanNode::service_clear_errors_callback(const std::shared_ptr<Empty::Request> request, [01;35m[Kstd::shared_ptr<Empty::Response> response[m[K) {
      |                                                                                                  [01;35m[K~~~~~~~~~~~~~~~~~~~~~~~~~~~~~~~~~^~~~~~~~[m[K
[01m[K/home/newton/lib/ros_odrive/odrive_node/src/odrive_can_node.cpp:[m[K In member function ‘[01m[Kvoid ODriveCanNode::deinit()[m[K’:
[01m[K/home/newton/lib/ros_odrive/odrive_node/src/odrive_can_node.cpp:57:27:[m[K [01;35m[Kwarning: [m[K‘[01m[Kframe[m[K’ may be used uninitialized [[01;35m[K-Wmaybe-uninitialized[m[K]
   57 |         [01;35m[Kwrite_le<uint32_t>(ODriveAxisState::AXIS_STATE_IDLE, frame.data)[m[K;
      |         [01;35m[K~~~~~~~~~~~~~~~~~~^~~~~~~~~~~~~~~~~~~~~~~~~~~~~~~~~~~~~~~~~~~~~~[m[K
In file included from [01m[K/home/newton/lib/ros_odrive/odrive_node/src/odrive_can_node.cpp:4[m[K:
[01m[K/home/newton/lib/ros_odrive/odrive_node/include/byte_swap.hpp:36:6:[m[K [01;36m[Knote: [m[Kby argument 2 of type ‘[01m[Kconst unsigned char*[m[K’ to ‘[01m[Kvoid write_le(const T&, const unsigned char*) [with T = unsigned int][m[K’ declared here
   36 | void [01;36m[Kwrite_le[m[K(const T& val, const unsigned char* buf) {
      |      [01;36m[K^~~~~~~~[m[K
[01m[K/home/newton/lib/ros_odrive/odrive_node/src/odrive_can_node.cpp:55:26:[m[K [01;36m[Knote: [m[K‘[01m[Kframe[m[K’ declared here
   55 |         struct can_frame [01;36m[Kframe[m[K;
      |                          [01;36m[K^~~~~[m[K
[01m[K/home/newton/lib/ros_odrive/odrive_node/src/odrive_can_node.cpp:[m[K In member function ‘[01m[Kvoid ODriveCanNode::request_clear_errors_callback()[m[K’:
[01m[K/home/newton/lib/ros_odrive/odrive_node/src/odrive_can_node.cpp:234:22:[m[K [01;35m[Kwarning: [m[K‘[01m[Kframe[m[K’ may be used uninitialized [[01;35m[K-Wmaybe-uninitialized[m[K]
  234 |     [01;35m[Kwrite_le<uint8_t>(0, frame.data)[m[K;
      |     [01;35m[K~~~~~~~~~~~~~~~~~^~~~~~~~~~~~~~~[m[K
In file included from [01m[K/home/newton/lib/ros_odrive/odrive_node/src/odrive_can_node.cpp:4[m[K:
[01m[K/home/newton/lib/ros_odrive/odrive_node/include/byte_swap.hpp:36:6:[m[K [01;36m[Knote: [m[Kby argument 2 of type ‘[01m[Kconst unsigned char*[m[K’ to ‘[01m[Kvoid write_le(const T&, const unsigned char*) [with T = unsigned char][m[K’ declared here
   36 | void [01;36m[Kwrite_le[m[K(const T& val, const unsigned char* buf) {
      |      [01;36m[K^~~~~~~~[m[K
[01m[K/home/newton/lib/ros_odrive/odrive_node/src/odrive_can_node.cpp:232:22:[m[K [01;36m[Knote: [m[K‘[01m[Kframe[m[K’ declared here
  232 |     struct can_frame [01;36m[Kframe[m[K;
      |                      [01;36m[K^~~~~[m[K
