-- Found ament_cmake: 1.3.11 (/opt/ros/humble/install/share/ament_cmake/cmake)
-- Found Python3: /usr/local/bin/python3 (found version "3.10.12") found components: Interpreter
-- Found rclcpp: 16.0.11 (/opt/ros/humble/install/share/rclcpp/cmake)
-- Found rosidl_generator_c: 3.1.6 (/opt/ros/humble/install/share/rosidl_generator_c/cmake)
-- Found rosidl_adapter: 3.1.6 (/opt/ros/humble/install/share/rosidl_adapter/cmake)
-- Found rosidl_generator_cpp: 3.1.6 (/opt/ros/humble/install/share/rosidl_generator_cpp/cmake)
-- Using all available rosidl_typesupport_c: rosidl_typesupport_fastrtps_c;rosidl_typesupport_introspection_c
-- Using all available rosidl_typesupport_cpp: rosidl_typesupport_fastrtps_cpp;rosidl_typesupport_introspection_cpp
-- Found rmw_implementation_cmake: 6.1.2 (/opt/ros/humble/install/share/rmw_implementation_cmake/cmake)
-- Found rmw_fastrtps_cpp: 6.2.7 (/opt/ros/humble/install/share/rmw_fastrtps_cpp/cmake)
-- Found OpenSSL: /usr/lib/aarch64-linux-gnu/libcrypto.so (found version "3.0.2")
-- Found FastRTPS: /opt/ros/humble/install/include
-- Using RMW implementation 'rmw_fastrtps_cpp' as default
-- Performing Test CMAKE_HAVE_LIBC_PTHREAD
-- Performing Test CMAKE_HAVE_LIBC_PTHREAD - Success
-- Found Threads: TRUE
-- Found rosidl_default_generators: 1.2.0 (/opt/ros/humble/install/share/rosidl_default_generators/cmake)
-- Found std_srvs: 4.2.4 (/opt/ros/humble/install/share/std_srvs/cmake)
-- Found ament_cmake_ros: 0.10.0 (/opt/ros/humble/install/share/ament_cmake_ros/cmake)
-- Using all available rosidl_typesupport_c: rosidl_typesupport_fastrtps_c;rosidl_typesupport_introspection_c
-- Using all available rosidl_typesupport_cpp: rosidl_typesupport_fastrtps_cpp;rosidl_typesupport_introspection_cpp
-- Found PythonInterp: /usr/local/bin/python3 (found suitable version "3.10.12", minimum required is "3.6")
-- Found python_cmake_module: 0.10.0 (/opt/ros/humble/install/share/python_cmake_module/cmake)
-- Found PythonLibs: /usr/lib/aarch64-linux-gnu/libpython3.10.so (found suitable version "3.10.12", minimum required is "3.5")
-- Using PYTHON_EXECUTABLE: /usr/local/bin/python3
-- Using PYTHON_INCLUDE_DIRS: /usr/include/python3.10
-- Using PYTHON_LIBRARIES: /usr/lib/aarch64-linux-gnu/libpython3.10.so
-- Found PythonExtra: .so
-- Configuring done (5.2s)
-- Generating done (0.1s)
-- Build files have been written to: /home/newton/lib/build/odrive_can
[  1%] [34m[1mGenerating C code for ROS interfaces[0m
[  3%] [34m[1mGenerating C++ code for ROS interfaces[0m
[  3%] Built target ament_cmake_python_copy_odrive_can
running egg_info
creating odrive_can.egg-info
writing odrive_can.egg-info/PKG-INFO
writing dependency_links to odrive_can.egg-info/dependency_links.txt
writing top-level names to odrive_can.egg-info/top_level.txt
writing manifest file 'odrive_can.egg-info/SOURCES.txt'
reading manifest file 'odrive_can.egg-info/SOURCES.txt'
writing manifest file 'odrive_can.egg-info/SOURCES.txt'
[  3%] Built target ament_cmake_python_build_odrive_can_egg
[  5%] [32mBuilding C object CMakeFiles/odrive_can__rosidl_generator_c.dir/rosidl_generator_c/odrive_can/msg/detail/control_message__functions.c.o[0m
[  6%] [32mBuilding C object CMakeFiles/odrive_can__rosidl_generator_c.dir/rosidl_generator_c/odrive_can/msg/detail/controller_status__functions.c.o[0m
[ 10%] [32mBuilding C object CMakeFiles/odrive_can__rosidl_generator_c.dir/rosidl_generator_c/odrive_can/srv/detail/axis_state__functions.c.o[0m
[ 10%] [32mBuilding C object CMakeFiles/odrive_can__rosidl_generator_c.dir/rosidl_generator_c/odrive_can/msg/detail/o_drive_status__functions.c.o[0m
[ 10%] Built target odrive_can__cpp
[ 11%] [34m[1mGenerating C++ introspection for ROS interfaces[0m
[ 13%] [34m[1mGenerating C++ type support dispatch for ROS interfaces[0m
[ 15%] [34m[1mGenerating C++ type support for eProsima Fast-RTPS[0m
[ 16%] [32m[1mLinking C shared library libodrive_can__rosidl_generator_c.so[0m
[ 16%] Built target odrive_can__rosidl_generator_c
[ 20%] [34m[1mGenerating C type support dispatch for ROS interfaces[0m
[ 21%] [34m[1mGenerating C type support for eProsima Fast-RTPS[0m
[ 20%] [34m[1mGenerating C introspection for ROS interfaces[0m
[ 23%] [32mBuilding CXX object CMakeFiles/odrive_can__rosidl_typesupport_cpp.dir/rosidl_typesupport_cpp/odrive_can/msg/control_message__type_support.cpp.o[0m
[ 25%] [32mBuilding CXX object CMakeFiles/odrive_can__rosidl_typesupport_introspection_cpp.dir/rosidl_typesupport_introspection_cpp/odrive_can/msg/detail/control_message__type_support.cpp.o[0m
[ 26%] [32mBuilding CXX object CMakeFiles/odrive_can__rosidl_typesupport_fastrtps_cpp.dir/rosidl_typesupport_fastrtps_cpp/odrive_can/msg/detail/dds_fastrtps/control_message__type_support.cpp.o[0m
[ 28%] [32mBuilding CXX object CMakeFiles/odrive_can__rosidl_typesupport_c.dir/rosidl_typesupport_c/odrive_can/msg/control_message__type_support.cpp.o[0m
[ 30%] [32mBuilding CXX object CMakeFiles/odrive_can__rosidl_typesupport_c.dir/rosidl_typesupport_c/odrive_can/msg/controller_status__type_support.cpp.o[0m
[ 31%] [32mBuilding CXX object CMakeFiles/odrive_can__rosidl_typesupport_fastrtps_c.dir/rosidl_typesupport_fastrtps_c/odrive_can/msg/detail/control_message__type_support_c.cpp.o[0m
[ 33%] [32mBuilding CXX object CMakeFiles/odrive_can__rosidl_typesupport_c.dir/rosidl_typesupport_c/odrive_can/msg/o_drive_status__type_support.cpp.o[0m
[ 35%] [32mBuilding CXX object CMakeFiles/odrive_can__rosidl_typesupport_c.dir/rosidl_typesupport_c/odrive_can/srv/axis_state__type_support.cpp.o[0m
[ 36%] [32mBuilding C object CMakeFiles/odrive_can__rosidl_typesupport_introspection_c.dir/rosidl_typesupport_introspection_c/odrive_can/msg/detail/control_message__type_support.c.o[0m
[ 38%] [32m[1mLinking CXX shared library libodrive_can__rosidl_typesupport_c.so[0m
[ 40%] [32mBuilding C object CMakeFiles/odrive_can__rosidl_typesupport_introspection_c.dir/rosidl_typesupport_introspection_c/odrive_can/msg/detail/controller_status__type_support.c.o[0m
[ 41%] [32mBuilding CXX object CMakeFiles/odrive_can__rosidl_typesupport_cpp.dir/rosidl_typesupport_cpp/odrive_can/msg/controller_status__type_support.cpp.o[0m
[ 41%] Built target odrive_can__rosidl_typesupport_c
[ 43%] [32mBuilding CXX object CMakeFiles/odrive_can__rosidl_typesupport_introspection_cpp.dir/rosidl_typesupport_introspection_cpp/odrive_can/msg/detail/controller_status__type_support.cpp.o[0m
[ 45%] [32mBuilding C object CMakeFiles/odrive_can__rosidl_typesupport_introspection_c.dir/rosidl_typesupport_introspection_c/odrive_can/msg/detail/o_drive_status__type_support.c.o[0m
[ 46%] [32mBuilding C object CMakeFiles/odrive_can__rosidl_typesupport_introspection_c.dir/rosidl_typesupport_introspection_c/odrive_can/srv/detail/axis_state__type_support.c.o[0m
[ 48%] [32m[1mLinking C shared library libodrive_can__rosidl_typesupport_introspection_c.so[0m
[ 50%] [32mBuilding CXX object CMakeFiles/odrive_can__rosidl_typesupport_introspection_cpp.dir/rosidl_typesupport_introspection_cpp/odrive_can/msg/detail/o_drive_status__type_support.cpp.o[0m
[ 50%] Built target odrive_can__rosidl_typesupport_introspection_c
[ 51%] [32mBuilding CXX object CMakeFiles/odrive_can__rosidl_typesupport_introspection_cpp.dir/rosidl_typesupport_introspection_cpp/odrive_can/srv/detail/axis_state__type_support.cpp.o[0m
[ 53%] [32mBuilding CXX object CMakeFiles/odrive_can__rosidl_typesupport_fastrtps_c.dir/rosidl_typesupport_fastrtps_c/odrive_can/msg/detail/controller_status__type_support_c.cpp.o[0m
[ 55%] [32mBuilding CXX object CMakeFiles/odrive_can__rosidl_typesupport_fastrtps_cpp.dir/rosidl_typesupport_fastrtps_cpp/odrive_can/msg/detail/dds_fastrtps/controller_status__type_support.cpp.o[0m
[ 56%] [32mBuilding CXX object CMakeFiles/odrive_can__rosidl_typesupport_cpp.dir/rosidl_typesupport_cpp/odrive_can/msg/o_drive_status__type_support.cpp.o[0m
[ 58%] [32mBuilding CXX object CMakeFiles/odrive_can__rosidl_typesupport_fastrtps_cpp.dir/rosidl_typesupport_fastrtps_cpp/odrive_can/msg/detail/dds_fastrtps/o_drive_status__type_support.cpp.o[0m
[ 60%] [32mBuilding CXX object CMakeFiles/odrive_can__rosidl_typesupport_cpp.dir/rosidl_typesupport_cpp/odrive_can/srv/axis_state__type_support.cpp.o[0m
[ 61%] [32mBuilding CXX object CMakeFiles/odrive_can__rosidl_typesupport_fastrtps_cpp.dir/rosidl_typesupport_fastrtps_cpp/odrive_can/srv/detail/dds_fastrtps/axis_state__type_support.cpp.o[0m
[ 63%] [32mBuilding CXX object CMakeFiles/odrive_can__rosidl_typesupport_fastrtps_c.dir/rosidl_typesupport_fastrtps_c/odrive_can/msg/detail/o_drive_status__type_support_c.cpp.o[0m
[ 65%] [32m[1mLinking CXX shared library libodrive_can__rosidl_typesupport_introspection_cpp.so[0m
[ 65%] Built target odrive_can__rosidl_typesupport_introspection_cpp
[ 66%] [32mBuilding CXX object CMakeFiles/odrive_can__rosidl_typesupport_fastrtps_c.dir/rosidl_typesupport_fastrtps_c/odrive_can/srv/detail/axis_state__type_support_c.cpp.o[0m
[ 68%] [32m[1mLinking CXX shared library libodrive_can__rosidl_typesupport_cpp.so[0m
[ 68%] Built target odrive_can__rosidl_typesupport_cpp
[ 70%] [32mBuilding CXX object CMakeFiles/odrive_can_node.dir/home/newton/lib/ros_odrive/odrive_base/src/epoll_event_loop.cpp.o[0m
[ 71%] [32mBuilding CXX object CMakeFiles/odrive_can_node.dir/home/newton/lib/ros_odrive/odrive_base/src/socket_can.cpp.o[0m
[ 73%] [32mBuilding CXX object CMakeFiles/odrive_can_node.dir/src/odrive_can_node.cpp.o[0m
[ 75%] [32mBuilding CXX object CMakeFiles/odrive_can_node.dir/src/main.cpp.o[0m
[ 76%] [32m[1mLinking CXX shared library libodrive_can__rosidl_typesupport_fastrtps_cpp.so[0m
[ 76%] Built target odrive_can__rosidl_typesupport_fastrtps_cpp
[ 78%] [32m[1mLinking CXX shared library libodrive_can__rosidl_typesupport_fastrtps_c.so[0m
[ 78%] Built target odrive_can__rosidl_typesupport_fastrtps_c
[ 78%] Built target odrive_can
[ 80%] [34m[1mGenerating Python code for ROS interfaces[0m
[ 80%] Built target odrive_can__py
[ 81%] [32mBuilding C object CMakeFiles/odrive_can__rosidl_generator_py.dir/rosidl_generator_py/odrive_can/msg/_controller_status_s.c.o[0m
[ 83%] [32mBuilding C object CMakeFiles/odrive_can__rosidl_generator_py.dir/rosidl_generator_py/odrive_can/msg/_control_message_s.c.o[0m
[ 85%] [32mBuilding C object CMakeFiles/odrive_can__rosidl_generator_py.dir/rosidl_generator_py/odrive_can/msg/_o_drive_status_s.c.o[0m
[ 86%] [32mBuilding C object CMakeFiles/odrive_can__rosidl_generator_py.dir/rosidl_generator_py/odrive_can/srv/_axis_state_s.c.o[0m
[ 88%] [32m[1mLinking C shared library rosidl_generator_py/odrive_can/libodrive_can__rosidl_generator_py.so[0m
[ 88%] Built target odrive_can__rosidl_generator_py
[ 91%] [32mBuilding C object CMakeFiles/odrive_can__rosidl_typesupport_c__pyext.dir/rosidl_generator_py/odrive_can/_odrive_can_s.ep.rosidl_typesupport_c.c.o[0m
[ 91%] [32mBuilding C object CMakeFiles/odrive_can__rosidl_typesupport_fastrtps_c__pyext.dir/rosidl_generator_py/odrive_can/_odrive_can_s.ep.rosidl_typesupport_fastrtps_c.c.o[0m
[ 93%] [32mBuilding C object CMakeFiles/odrive_can__rosidl_typesupport_introspection_c__pyext.dir/rosidl_generator_py/odrive_can/_odrive_can_s.ep.rosidl_typesupport_introspection_c.c.o[0m
[ 95%] [32m[1mLinking C shared library rosidl_generator_py/odrive_can/odrive_can_s__rosidl_typesupport_c.cpython-310-aarch64-linux-gnu.so[0m
[ 96%] [32m[1mLinking C shared library rosidl_generator_py/odrive_can/odrive_can_s__rosidl_typesupport_introspection_c.cpython-310-aarch64-linux-gnu.so[0m
[ 96%] Built target odrive_can__rosidl_typesupport_c__pyext
[ 96%] Built target odrive_can__rosidl_typesupport_introspection_c__pyext
[ 98%] [32m[1mLinking C shared library rosidl_generator_py/odrive_can/odrive_can_s__rosidl_typesupport_fastrtps_c.cpython-310-aarch64-linux-gnu.so[0m
[ 98%] Built target odrive_can__rosidl_typesupport_fastrtps_c__pyext
[100%] [32m[1mLinking CXX executable odrive_can_node[0m
[100%] Built target odrive_can_node
-- Install configuration: ""
-- Installing: /home/newton/lib/install/odrive_can/share/ament_index/resource_index/rosidl_interfaces/odrive_can
-- Installing: /home/newton/lib/install/odrive_can/include/odrive_can/odrive_can
-- Installing: /home/newton/lib/install/odrive_can/include/odrive_can/odrive_can/srv
-- Installing: /home/newton/lib/install/odrive_can/include/odrive_can/odrive_can/srv/axis_state.h
-- Installing: /home/newton/lib/install/odrive_can/include/odrive_can/odrive_can/srv/detail
-- Installing: /home/newton/lib/install/odrive_can/include/odrive_can/odrive_can/srv/detail/axis_state__functions.c
-- Installing: /home/newton/lib/install/odrive_can/include/odrive_can/odrive_can/srv/detail/axis_state__struct.h
-- Installing: /home/newton/lib/install/odrive_can/include/odrive_can/odrive_can/srv/detail/axis_state__functions.h
-- Installing: /home/newton/lib/install/odrive_can/include/odrive_can/odrive_can/srv/detail/axis_state__type_support.h
-- Installing: /home/newton/lib/install/odrive_can/include/odrive_can/odrive_can/msg
-- Installing: /home/newton/lib/install/odrive_can/include/odrive_can/odrive_can/msg/controller_status.h
-- Installing: /home/newton/lib/install/odrive_can/include/odrive_can/odrive_can/msg/rosidl_generator_c__visibility_control.h
-- Installing: /home/newton/lib/install/odrive_can/include/odrive_can/odrive_can/msg/o_drive_status.h
-- Installing: /home/newton/lib/install/odrive_can/include/odrive_can/odrive_can/msg/detail
-- Installing: /home/newton/lib/install/odrive_can/include/odrive_can/odrive_can/msg/detail/controller_status__functions.h
-- Installing: /home/newton/lib/install/odrive_can/include/odrive_can/odrive_can/msg/detail/control_message__functions.h
-- Installing: /home/newton/lib/install/odrive_can/include/odrive_can/odrive_can/msg/detail/control_message__type_support.h
-- Installing: /home/newton/lib/install/odrive_can/include/odrive_can/odrive_can/msg/detail/controller_status__struct.h
-- Installing: /home/newton/lib/install/odrive_can/include/odrive_can/odrive_can/msg/detail/controller_status__functions.c
-- Installing: /home/newton/lib/install/odrive_can/include/odrive_can/odrive_can/msg/detail/o_drive_status__struct.h
-- Installing: /home/newton/lib/install/odrive_can/include/odrive_can/odrive_can/msg/detail/o_drive_status__functions.c
-- Installing: /home/newton/lib/install/odrive_can/include/odrive_can/odrive_can/msg/detail/o_drive_status__type_support.h
-- Installing: /home/newton/lib/install/odrive_can/include/odrive_can/odrive_can/msg/detail/control_message__struct.h
-- Installing: /home/newton/lib/install/odrive_can/include/odrive_can/odrive_can/msg/detail/controller_status__type_support.h
-- Installing: /home/newton/lib/install/odrive_can/include/odrive_can/odrive_can/msg/detail/control_message__functions.c
-- Installing: /home/newton/lib/install/odrive_can/include/odrive_can/odrive_can/msg/detail/o_drive_status__functions.h
-- Installing: /home/newton/lib/install/odrive_can/include/odrive_can/odrive_can/msg/control_message.h
-- Installing: /home/newton/lib/install/odrive_can/share/odrive_can/environment/library_path.sh
-- Installing: /home/newton/lib/install/odrive_can/share/odrive_can/environment/library_path.dsv
-- Installing: /home/newton/lib/install/odrive_can/lib/libodrive_can__rosidl_generator_c.so
-- Set non-toolchain portion of runtime path of "/home/newton/lib/install/odrive_can/lib/libodrive_can__rosidl_generator_c.so" to ""
-- Up-to-date: /home/newton/lib/install/odrive_can/include/odrive_can/odrive_can
-- Up-to-date: /home/newton/lib/install/odrive_can/include/odrive_can/odrive_can/srv
-- Up-to-date: /home/newton/lib/install/odrive_can/include/odrive_can/odrive_can/srv/detail
-- Installing: /home/newton/lib/install/odrive_can/include/odrive_can/odrive_can/srv/detail/axis_state__rosidl_typesupport_fastrtps_c.h
-- Up-to-date: /home/newton/lib/install/odrive_can/include/odrive_can/odrive_can/msg
-- Installing: /home/newton/lib/install/odrive_can/include/odrive_can/odrive_can/msg/rosidl_typesupport_fastrtps_c__visibility_control.h
-- Up-to-date: /home/newton/lib/install/odrive_can/include/odrive_can/odrive_can/msg/detail
-- Installing: /home/newton/lib/install/odrive_can/include/odrive_can/odrive_can/msg/detail/o_drive_status__rosidl_typesupport_fastrtps_c.h
-- Installing: /home/newton/lib/install/odrive_can/include/odrive_can/odrive_can/msg/detail/control_message__rosidl_typesupport_fastrtps_c.h
-- Installing: /home/newton/lib/install/odrive_can/include/odrive_can/odrive_can/msg/detail/controller_status__rosidl_typesupport_fastrtps_c.h
-- Installing: /home/newton/lib/install/odrive_can/lib/libodrive_can__rosidl_typesupport_fastrtps_c.so
-- Set non-toolchain portion of runtime path of "/home/newton/lib/install/odrive_can/lib/libodrive_can__rosidl_typesupport_fastrtps_c.so" to ""
-- Up-to-date: /home/newton/lib/install/odrive_can/include/odrive_can/odrive_can
-- Up-to-date: /home/newton/lib/install/odrive_can/include/odrive_can/odrive_can/srv
-- Installing: /home/newton/lib/install/odrive_can/include/odrive_can/odrive_can/srv/axis_state.hpp
-- Up-to-date: /home/newton/lib/install/odrive_can/include/odrive_can/odrive_can/srv/detail
-- Installing: /home/newton/lib/install/odrive_can/include/odrive_can/odrive_can/srv/detail/axis_state__struct.hpp
-- Installing: /home/newton/lib/install/odrive_can/include/odrive_can/odrive_can/srv/detail/axis_state__builder.hpp
-- Installing: /home/newton/lib/install/odrive_can/include/odrive_can/odrive_can/srv/detail/axis_state__traits.hpp
-- Installing: /home/newton/lib/install/odrive_can/include/odrive_can/odrive_can/srv/detail/axis_state__type_support.hpp
-- Up-to-date: /home/newton/lib/install/odrive_can/include/odrive_can/odrive_can/msg
-- Installing: /home/newton/lib/install/odrive_can/include/odrive_can/odrive_can/msg/o_drive_status.hpp
-- Installing: /home/newton/lib/install/odrive_can/include/odrive_can/odrive_can/msg/controller_status.hpp
-- Up-to-date: /home/newton/lib/install/odrive_can/include/odrive_can/odrive_can/msg/detail
-- Installing: /home/newton/lib/install/odrive_can/include/odrive_can/odrive_can/msg/detail/control_message__traits.hpp
-- Installing: /home/newton/lib/install/odrive_can/include/odrive_can/odrive_can/msg/detail/control_message__type_support.hpp
-- Installing: /home/newton/lib/install/odrive_can/include/odrive_can/odrive_can/msg/detail/o_drive_status__struct.hpp
-- Installing: /home/newton/lib/install/odrive_can/include/odrive_can/odrive_can/msg/detail/control_message__builder.hpp
-- Installing: /home/newton/lib/install/odrive_can/include/odrive_can/odrive_can/msg/detail/controller_status__traits.hpp
-- Installing: /home/newton/lib/install/odrive_can/include/odrive_can/odrive_can/msg/detail/o_drive_status__type_support.hpp
-- Installing: /home/newton/lib/install/odrive_can/include/odrive_can/odrive_can/msg/detail/o_drive_status__traits.hpp
-- Installing: /home/newton/lib/install/odrive_can/include/odrive_can/odrive_can/msg/detail/controller_status__type_support.hpp
-- Installing: /home/newton/lib/install/odrive_can/include/odrive_can/odrive_can/msg/detail/controller_status__struct.hpp
-- Installing: /home/newton/lib/install/odrive_can/include/odrive_can/odrive_can/msg/detail/controller_status__builder.hpp
-- Installing: /home/newton/lib/install/odrive_can/include/odrive_can/odrive_can/msg/detail/o_drive_status__builder.hpp
-- Installing: /home/newton/lib/install/odrive_can/include/odrive_can/odrive_can/msg/detail/control_message__struct.hpp
-- Installing: /home/newton/lib/install/odrive_can/include/odrive_can/odrive_can/msg/rosidl_generator_cpp__visibility_control.hpp
-- Installing: /home/newton/lib/install/odrive_can/include/odrive_can/odrive_can/msg/control_message.hpp
-- Up-to-date: /home/newton/lib/install/odrive_can/include/odrive_can/odrive_can
-- Up-to-date: /home/newton/lib/install/odrive_can/include/odrive_can/odrive_can/srv
-- Up-to-date: /home/newton/lib/install/odrive_can/include/odrive_can/odrive_can/srv/detail
-- Installing: /home/newton/lib/install/odrive_can/include/odrive_can/odrive_can/srv/detail/dds_fastrtps
-- Installing: /home/newton/lib/install/odrive_can/include/odrive_can/odrive_can/srv/detail/axis_state__rosidl_typesupport_fastrtps_cpp.hpp
-- Up-to-date: /home/newton/lib/install/odrive_can/include/odrive_can/odrive_can/msg
-- Installing: /home/newton/lib/install/odrive_can/include/odrive_can/odrive_can/msg/rosidl_typesupport_fastrtps_cpp__visibility_control.h
-- Up-to-date: /home/newton/lib/install/odrive_can/include/odrive_can/odrive_can/msg/detail
-- Installing: /home/newton/lib/install/odrive_can/include/odrive_can/odrive_can/msg/detail/o_drive_status__rosidl_typesupport_fastrtps_cpp.hpp
-- Installing: /home/newton/lib/install/odrive_can/include/odrive_can/odrive_can/msg/detail/control_message__rosidl_typesupport_fastrtps_cpp.hpp
-- Installing: /home/newton/lib/install/odrive_can/include/odrive_can/odrive_can/msg/detail/dds_fastrtps
-- Installing: /home/newton/lib/install/odrive_can/include/odrive_can/odrive_can/msg/detail/controller_status__rosidl_typesupport_fastrtps_cpp.hpp
-- Installing: /home/newton/lib/install/odrive_can/lib/libodrive_can__rosidl_typesupport_fastrtps_cpp.so
-- Set non-toolchain portion of runtime path of "/home/newton/lib/install/odrive_can/lib/libodrive_can__rosidl_typesupport_fastrtps_cpp.so" to ""
-- Up-to-date: /home/newton/lib/install/odrive_can/include/odrive_can/odrive_can
-- Up-to-date: /home/newton/lib/install/odrive_can/include/odrive_can/odrive_can/srv
-- Up-to-date: /home/newton/lib/install/odrive_can/include/odrive_can/odrive_can/srv/detail
-- Installing: /home/newton/lib/install/odrive_can/include/odrive_can/odrive_can/srv/detail/axis_state__type_support.c
-- Installing: /home/newton/lib/install/odrive_can/include/odrive_can/odrive_can/srv/detail/axis_state__rosidl_typesupport_introspection_c.h
-- Up-to-date: /home/newton/lib/install/odrive_can/include/odrive_can/odrive_can/msg
-- Installing: /home/newton/lib/install/odrive_can/include/odrive_can/odrive_can/msg/rosidl_typesupport_introspection_c__visibility_control.h
-- Up-to-date: /home/newton/lib/install/odrive_can/include/odrive_can/odrive_can/msg/detail
-- Installing: /home/newton/lib/install/odrive_can/include/odrive_can/odrive_can/msg/detail/o_drive_status__rosidl_typesupport_introspection_c.h
-- Installing: /home/newton/lib/install/odrive_can/include/odrive_can/odrive_can/msg/detail/controller_status__type_support.c
-- Installing: /home/newton/lib/install/odrive_can/include/odrive_can/odrive_can/msg/detail/control_message__rosidl_typesupport_introspection_c.h
-- Installing: /home/newton/lib/install/odrive_can/include/odrive_can/odrive_can/msg/detail/control_message__type_support.c
-- Installing: /home/newton/lib/install/odrive_can/include/odrive_can/odrive_can/msg/detail/controller_status__rosidl_typesupport_introspection_c.h
-- Installing: /home/newton/lib/install/odrive_can/include/odrive_can/odrive_can/msg/detail/o_drive_status__type_support.c
-- Installing: /home/newton/lib/install/odrive_can/lib/libodrive_can__rosidl_typesupport_introspection_c.so
-- Set non-toolchain portion of runtime path of "/home/newton/lib/install/odrive_can/lib/libodrive_can__rosidl_typesupport_introspection_c.so" to ""
-- Installing: /home/newton/lib/install/odrive_can/lib/libodrive_can__rosidl_typesupport_c.so
-- Set non-toolchain portion of runtime path of "/home/newton/lib/install/odrive_can/lib/libodrive_can__rosidl_typesupport_c.so" to ""
-- Up-to-date: /home/newton/lib/install/odrive_can/include/odrive_can/odrive_can
-- Up-to-date: /home/newton/lib/install/odrive_can/include/odrive_can/odrive_can/srv
-- Up-to-date: /home/newton/lib/install/odrive_can/include/odrive_can/odrive_can/srv/detail
-- Installing: /home/newton/lib/install/odrive_can/include/odrive_can/odrive_can/srv/detail/axis_state__rosidl_typesupport_introspection_cpp.hpp
-- Installing: /home/newton/lib/install/odrive_can/include/odrive_can/odrive_can/srv/detail/axis_state__type_support.cpp
-- Up-to-date: /home/newton/lib/install/odrive_can/include/odrive_can/odrive_can/msg
-- Up-to-date: /home/newton/lib/install/odrive_can/include/odrive_can/odrive_can/msg/detail
-- Installing: /home/newton/lib/install/odrive_can/include/odrive_can/odrive_can/msg/detail/o_drive_status__rosidl_typesupport_introspection_cpp.hpp
-- Installing: /home/newton/lib/install/odrive_can/include/odrive_can/odrive_can/msg/detail/o_drive_status__type_support.cpp
-- Installing: /home/newton/lib/install/odrive_can/include/odrive_can/odrive_can/msg/detail/control_message__type_support.cpp
-- Installing: /home/newton/lib/install/odrive_can/include/odrive_can/odrive_can/msg/detail/control_message__rosidl_typesupport_introspection_cpp.hpp
-- Installing: /home/newton/lib/install/odrive_can/include/odrive_can/odrive_can/msg/detail/controller_status__type_support.cpp
-- Installing: /home/newton/lib/install/odrive_can/include/odrive_can/odrive_can/msg/detail/controller_status__rosidl_typesupport_introspection_cpp.hpp
-- Installing: /home/newton/lib/install/odrive_can/lib/libodrive_can__rosidl_typesupport_introspection_cpp.so
-- Set non-toolchain portion of runtime path of "/home/newton/lib/install/odrive_can/lib/libodrive_can__rosidl_typesupport_introspection_cpp.so" to ""
-- Installing: /home/newton/lib/install/odrive_can/lib/libodrive_can__rosidl_typesupport_cpp.so
-- Set non-toolchain portion of runtime path of "/home/newton/lib/install/odrive_can/lib/libodrive_can__rosidl_typesupport_cpp.so" to ""
-- Installing: /home/newton/lib/install/odrive_can/share/odrive_can/environment/pythonpath.sh
-- Installing: /home/newton/lib/install/odrive_can/share/odrive_can/environment/pythonpath.dsv
-- Installing: /home/newton/lib/install/odrive_can/local/lib/python3.10/dist-packages/odrive_can-0.0.1-py3.10.egg-info
-- Installing: /home/newton/lib/install/odrive_can/local/lib/python3.10/dist-packages/odrive_can-0.0.1-py3.10.egg-info/PKG-INFO
-- Installing: /home/newton/lib/install/odrive_can/local/lib/python3.10/dist-packages/odrive_can-0.0.1-py3.10.egg-info/SOURCES.txt
-- Installing: /home/newton/lib/install/odrive_can/local/lib/python3.10/dist-packages/odrive_can-0.0.1-py3.10.egg-info/dependency_links.txt
-- Installing: /home/newton/lib/install/odrive_can/local/lib/python3.10/dist-packages/odrive_can-0.0.1-py3.10.egg-info/top_level.txt
-- Installing: /home/newton/lib/install/odrive_can/local/lib/python3.10/dist-packages/odrive_can
-- Installing: /home/newton/lib/install/odrive_can/local/lib/python3.10/dist-packages/odrive_can/_odrive_can_s.ep.rosidl_typesupport_introspection_c.c
-- Installing: /home/newton/lib/install/odrive_can/local/lib/python3.10/dist-packages/odrive_can/odrive_can_s__rosidl_typesupport_fastrtps_c.cpython-310-aarch64-linux-gnu.so
-- Installing: /home/newton/lib/install/odrive_can/local/lib/python3.10/dist-packages/odrive_can/odrive_can_s__rosidl_typesupport_c.cpython-310-aarch64-linux-gnu.so
-- Installing: /home/newton/lib/install/odrive_can/local/lib/python3.10/dist-packages/odrive_can/libodrive_can__rosidl_generator_py.so
-- Installing: /home/newton/lib/install/odrive_can/local/lib/python3.10/dist-packages/odrive_can/_odrive_can_s.ep.rosidl_typesupport_c.c
-- Installing: /home/newton/lib/install/odrive_can/local/lib/python3.10/dist-packages/odrive_can/__init__.py
-- Installing: /home/newton/lib/install/odrive_can/local/lib/python3.10/dist-packages/odrive_can/srv
-- Installing: /home/newton/lib/install/odrive_can/local/lib/python3.10/dist-packages/odrive_can/srv/_axis_state_s.c
-- Installing: /home/newton/lib/install/odrive_can/local/lib/python3.10/dist-packages/odrive_can/srv/_axis_state.py
-- Installing: /home/newton/lib/install/odrive_can/local/lib/python3.10/dist-packages/odrive_can/srv/__init__.py
-- Installing: /home/newton/lib/install/odrive_can/local/lib/python3.10/dist-packages/odrive_can/_odrive_can_s.ep.rosidl_typesupport_fastrtps_c.c
-- Installing: /home/newton/lib/install/odrive_can/local/lib/python3.10/dist-packages/odrive_can/odrive_can_s__rosidl_typesupport_introspection_c.cpython-310-aarch64-linux-gnu.so
-- Installing: /home/newton/lib/install/odrive_can/local/lib/python3.10/dist-packages/odrive_can/msg
-- Installing: /home/newton/lib/install/odrive_can/local/lib/python3.10/dist-packages/odrive_can/msg/_control_message_s.c
-- Installing: /home/newton/lib/install/odrive_can/local/lib/python3.10/dist-packages/odrive_can/msg/_o_drive_status_s.c
-- Installing: /home/newton/lib/install/odrive_can/local/lib/python3.10/dist-packages/odrive_can/msg/_o_drive_status.py
-- Installing: /home/newton/lib/install/odrive_can/local/lib/python3.10/dist-packages/odrive_can/msg/_controller_status.py
-- Installing: /home/newton/lib/install/odrive_can/local/lib/python3.10/dist-packages/odrive_can/msg/_controller_status_s.c
-- Installing: /home/newton/lib/install/odrive_can/local/lib/python3.10/dist-packages/odrive_can/msg/__init__.py
-- Installing: /home/newton/lib/install/odrive_can/local/lib/python3.10/dist-packages/odrive_can/msg/_control_message.py
Listing '/home/newton/lib/install/odrive_can/local/lib/python3.10/dist-packages/odrive_can'...
Compiling '/home/newton/lib/install/odrive_can/local/lib/python3.10/dist-packages/odrive_can/__init__.py'...
Listing '/home/newton/lib/install/odrive_can/local/lib/python3.10/dist-packages/odrive_can/msg'...
Compiling '/home/newton/lib/install/odrive_can/local/lib/python3.10/dist-packages/odrive_can/msg/__init__.py'...
Compiling '/home/newton/lib/install/odrive_can/local/lib/python3.10/dist-packages/odrive_can/msg/_control_message.py'...
Compiling '/home/newton/lib/install/odrive_can/local/lib/python3.10/dist-packages/odrive_can/msg/_controller_status.py'...
Compiling '/home/newton/lib/install/odrive_can/local/lib/python3.10/dist-packages/odrive_can/msg/_o_drive_status.py'...
Listing '/home/newton/lib/install/odrive_can/local/lib/python3.10/dist-packages/odrive_can/srv'...
Compiling '/home/newton/lib/install/odrive_can/local/lib/python3.10/dist-packages/odrive_can/srv/__init__.py'...
Compiling '/home/newton/lib/install/odrive_can/local/lib/python3.10/dist-packages/odrive_can/srv/_axis_state.py'...
-- Installing: /home/newton/lib/install/odrive_can/local/lib/python3.10/dist-packages/odrive_can/odrive_can_s__rosidl_typesupport_fastrtps_c.cpython-310-aarch64-linux-gnu.so
-- Set non-toolchain portion of runtime path of "/home/newton/lib/install/odrive_can/local/lib/python3.10/dist-packages/odrive_can/odrive_can_s__rosidl_typesupport_fastrtps_c.cpython-310-aarch64-linux-gnu.so" to ""
-- Installing: /home/newton/lib/install/odrive_can/local/lib/python3.10/dist-packages/odrive_can/odrive_can_s__rosidl_typesupport_introspection_c.cpython-310-aarch64-linux-gnu.so
-- Set non-toolchain portion of runtime path of "/home/newton/lib/install/odrive_can/local/lib/python3.10/dist-packages/odrive_can/odrive_can_s__rosidl_typesupport_introspection_c.cpython-310-aarch64-linux-gnu.so" to ""
-- Installing: /home/newton/lib/install/odrive_can/local/lib/python3.10/dist-packages/odrive_can/odrive_can_s__rosidl_typesupport_c.cpython-310-aarch64-linux-gnu.so
-- Set non-toolchain portion of runtime path of "/home/newton/lib/install/odrive_can/local/lib/python3.10/dist-packages/odrive_can/odrive_can_s__rosidl_typesupport_c.cpython-310-aarch64-linux-gnu.so" to ""
-- Installing: /home/newton/lib/install/odrive_can/lib/libodrive_can__rosidl_generator_py.so
-- Set non-toolchain portion of runtime path of "/home/newton/lib/install/odrive_can/lib/libodrive_can__rosidl_generator_py.so" to ""
-- Installing: /home/newton/lib/install/odrive_can/share/odrive_can/msg/ControlMessage.idl
-- Installing: /home/newton/lib/install/odrive_can/share/odrive_can/msg/ControllerStatus.idl
-- Installing: /home/newton/lib/install/odrive_can/share/odrive_can/msg/ODriveStatus.idl
-- Installing: /home/newton/lib/install/odrive_can/share/odrive_can/srv/AxisState.idl
-- Installing: /home/newton/lib/install/odrive_can/share/odrive_can/msg/ControlMessage.msg
-- Installing: /home/newton/lib/install/odrive_can/share/odrive_can/msg/ControllerStatus.msg
-- Installing: /home/newton/lib/install/odrive_can/share/odrive_can/msg/ODriveStatus.msg
-- Installing: /home/newton/lib/install/odrive_can/share/odrive_can/srv/AxisState.srv
-- Installing: /home/newton/lib/install/odrive_can/share/odrive_can/srv/AxisState_Request.msg
-- Installing: /home/newton/lib/install/odrive_can/share/odrive_can/srv/AxisState_Response.msg
-- Installing: /home/newton/lib/install/odrive_can/lib/odrive_can/odrive_can_node
-- Set non-toolchain portion of runtime path of "/home/newton/lib/install/odrive_can/lib/odrive_can/odrive_can_node" to ""
-- Installing: /home/newton/lib/install/odrive_can/share/odrive_can/launch
-- Installing: /home/newton/lib/install/odrive_can/share/odrive_can/launch/example_launch.yaml
-- Installing: /home/newton/lib/install/odrive_can/share/ament_index/resource_index/package_run_dependencies/odrive_can
-- Installing: /home/newton/lib/install/odrive_can/share/ament_index/resource_index/parent_prefix_path/odrive_can
-- Installing: /home/newton/lib/install/odrive_can/share/odrive_can/environment/ament_prefix_path.sh
-- Installing: /home/newton/lib/install/odrive_can/share/odrive_can/environment/ament_prefix_path.dsv
-- Installing: /home/newton/lib/install/odrive_can/share/odrive_can/environment/path.sh
-- Installing: /home/newton/lib/install/odrive_can/share/odrive_can/environment/path.dsv
-- Installing: /home/newton/lib/install/odrive_can/share/odrive_can/local_setup.bash
-- Installing: /home/newton/lib/install/odrive_can/share/odrive_can/local_setup.sh
-- Installing: /home/newton/lib/install/odrive_can/share/odrive_can/local_setup.zsh
-- Installing: /home/newton/lib/install/odrive_can/share/odrive_can/local_setup.dsv
-- Installing: /home/newton/lib/install/odrive_can/share/odrive_can/package.dsv
-- Installing: /home/newton/lib/install/odrive_can/share/ament_index/resource_index/packages/odrive_can
-- Installing: /home/newton/lib/install/odrive_can/share/odrive_can/cmake/export_odrive_can__rosidl_generator_cExport.cmake
-- Installing: /home/newton/lib/install/odrive_can/share/odrive_can/cmake/export_odrive_can__rosidl_generator_cExport-noconfig.cmake
-- Installing: /home/newton/lib/install/odrive_can/share/odrive_can/cmake/export_odrive_can__rosidl_typesupport_fastrtps_cExport.cmake
-- Installing: /home/newton/lib/install/odrive_can/share/odrive_can/cmake/export_odrive_can__rosidl_typesupport_fastrtps_cExport-noconfig.cmake
-- Installing: /home/newton/lib/install/odrive_can/share/odrive_can/cmake/export_odrive_can__rosidl_generator_cppExport.cmake
-- Installing: /home/newton/lib/install/odrive_can/share/odrive_can/cmake/export_odrive_can__rosidl_typesupport_fastrtps_cppExport.cmake
-- Installing: /home/newton/lib/install/odrive_can/share/odrive_can/cmake/export_odrive_can__rosidl_typesupport_fastrtps_cppExport-noconfig.cmake
-- Installing: /home/newton/lib/install/odrive_can/share/odrive_can/cmake/odrive_can__rosidl_typesupport_introspection_cExport.cmake
-- Installing: /home/newton/lib/install/odrive_can/share/odrive_can/cmake/odrive_can__rosidl_typesupport_introspection_cExport-noconfig.cmake
-- Installing: /home/newton/lib/install/odrive_can/share/odrive_can/cmake/odrive_can__rosidl_typesupport_cExport.cmake
-- Installing: /home/newton/lib/install/odrive_can/share/odrive_can/cmake/odrive_can__rosidl_typesupport_cExport-noconfig.cmake
-- Installing: /home/newton/lib/install/odrive_can/share/odrive_can/cmake/odrive_can__rosidl_typesupport_introspection_cppExport.cmake
-- Installing: /home/newton/lib/install/odrive_can/share/odrive_can/cmake/odrive_can__rosidl_typesupport_introspection_cppExport-noconfig.cmake
-- Installing: /home/newton/lib/install/odrive_can/share/odrive_can/cmake/odrive_can__rosidl_typesupport_cppExport.cmake
-- Installing: /home/newton/lib/install/odrive_can/share/odrive_can/cmake/odrive_can__rosidl_typesupport_cppExport-noconfig.cmake
-- Installing: /home/newton/lib/install/odrive_can/share/odrive_can/cmake/export_odrive_can__rosidl_generator_pyExport.cmake
-- Installing: /home/newton/lib/install/odrive_can/share/odrive_can/cmake/export_odrive_can__rosidl_generator_pyExport-noconfig.cmake
-- Installing: /home/newton/lib/install/odrive_can/share/odrive_can/cmake/rosidl_cmake-extras.cmake
-- Installing: /home/newton/lib/install/odrive_can/share/odrive_can/cmake/ament_cmake_export_include_directories-extras.cmake
-- Installing: /home/newton/lib/install/odrive_can/share/odrive_can/cmake/ament_cmake_export_libraries-extras.cmake
-- Installing: /home/newton/lib/install/odrive_can/share/odrive_can/cmake/ament_cmake_export_targets-extras.cmake
-- Installing: /home/newton/lib/install/odrive_can/share/odrive_can/cmake/rosidl_cmake_export_typesupport_targets-extras.cmake
-- Installing: /home/newton/lib/install/odrive_can/share/odrive_can/cmake/ament_cmake_export_dependencies-extras.cmake
-- Installing: /home/newton/lib/install/odrive_can/share/odrive_can/cmake/rosidl_cmake_export_typesupport_libraries-extras.cmake
-- Installing: /home/newton/lib/install/odrive_can/share/odrive_can/cmake/odrive_canConfig.cmake
-- Installing: /home/newton/lib/install/odrive_can/share/odrive_can/cmake/odrive_canConfig-version.cmake
-- Installing: /home/newton/lib/install/odrive_can/share/odrive_can/package.xml
