[0.035s] Invoking command in '/home/newton/lib/build/odrive_can': /usr/local/bin/cmake /home/newton/lib/ros_odrive/odrive_node -DCMAKE_INSTALL_PREFIX=/home/newton/lib/install/odrive_can
[0.186s] [0mCMake Deprecation Warning at CMakeLists.txt:1 (cmake_minimum_required):
[0.187s]   Compatibility with CMake < 3.10 will be removed from a future version of
[0.187s]   CMake.
[0.187s] 
[0.187s]   Update the VERSION argument <min> value.  Or, use the <min>...<max> syntax
[0.187s]   to tell CMake that the project requires at least <min> but has been updated
[0.187s]   to work with policies introduced by <max> or earlier.
[0.187s] 
[0.188s] [0m
[0.222s] -- Found ament_cmake: 1.3.11 (/opt/ros/humble/install/share/ament_cmake/cmake)
[0.527s] -- Found Python3: /usr/local/bin/python3 (found version "3.10.12") found components: Interpreter
[0.767s] -- Found rclcpp: 16.0.11 (/opt/ros/humble/install/share/rclcpp/cmake)
[0.881s] -- Found rosidl_generator_c: 3.1.6 (/opt/ros/humble/install/share/rosidl_generator_c/cmake)
[0.894s] -- Found rosidl_adapter: 3.1.6 (/opt/ros/humble/install/share/rosidl_adapter/cmake)
[0.916s] -- Found rosidl_generator_cpp: 3.1.6 (/opt/ros/humble/install/share/rosidl_generator_cpp/cmake)
[0.951s] -- Using all available rosidl_typesupport_c: rosidl_typesupport_fastrtps_c;rosidl_typesupport_introspection_c
[0.995s] -- Using all available rosidl_typesupport_cpp: rosidl_typesupport_fastrtps_cpp;rosidl_typesupport_introspection_cpp
[1.114s] -- Found rmw_implementation_cmake: 6.1.2 (/opt/ros/humble/install/share/rmw_implementation_cmake/cmake)
[1.121s] -- Found rmw_fastrtps_cpp: 6.2.7 (/opt/ros/humble/install/share/rmw_fastrtps_cpp/cmake)
[1.350s] -- Found OpenSSL: /usr/lib/aarch64-linux-gnu/libcrypto.so (found version "3.0.2")
[1.436s] -- Found FastRTPS: /opt/ros/humble/install/include
[1.530s] -- Using RMW implementation 'rmw_fastrtps_cpp' as default
[1.553s] -- Performing Test CMAKE_HAVE_LIBC_PTHREAD
[1.701s] -- Performing Test CMAKE_HAVE_LIBC_PTHREAD - Success
[1.705s] -- Found Threads: TRUE
[1.896s] -- Found rosidl_default_generators: 1.2.0 (/opt/ros/humble/install/share/rosidl_default_generators/cmake)
[1.920s] -- Found std_srvs: 4.2.4 (/opt/ros/humble/install/share/std_srvs/cmake)
[2.893s] -- Found ament_cmake_ros: 0.10.0 (/opt/ros/humble/install/share/ament_cmake_ros/cmake)
[4.472s] -- Using all available rosidl_typesupport_c: rosidl_typesupport_fastrtps_c;rosidl_typesupport_introspection_c
[5.093s] -- Using all available rosidl_typesupport_cpp: rosidl_typesupport_fastrtps_cpp;rosidl_typesupport_introspection_cpp
[5.101s] [33mCMake Warning (dev) at /opt/ros/humble/install/share/rosidl_generator_py/cmake/rosidl_generator_py_generate_interfaces.cmake:20 (find_package):
[5.101s]   Policy CMP0148 is not set: The FindPythonInterp and FindPythonLibs modules
[5.101s]   are removed.  Run "cmake --help-policy CMP0148" for policy details.  Use
[5.101s]   the cmake_policy command to set the policy and suppress this warning.
[5.101s] 
[5.102s] Call Stack (most recent call first):
[5.102s]   /opt/ros/humble/install/share/ament_cmake_core/cmake/core/ament_execute_extensions.cmake:48 (include)
[5.102s]   /opt/ros/humble/install/share/rosidl_cmake/cmake/rosidl_generate_interfaces.cmake:286 (ament_execute_extensions)
[5.102s]   CMakeLists.txt:14 (rosidl_generate_interfaces)
[5.102s] This warning is for project developers.  Use -Wno-dev to suppress it.
[5.102s] [0m
[5.149s] -- Found PythonInterp: /usr/local/bin/python3 (found suitable version "3.10.12", minimum required is "3.6")
[5.155s] -- Found python_cmake_module: 0.10.0 (/opt/ros/humble/install/share/python_cmake_module/cmake)
[5.157s] [33mCMake Warning (dev) at /opt/ros/humble/install/share/python_cmake_module/cmake/Modules/FindPythonExtra.cmake:52 (find_package):
[5.157s]   Policy CMP0148 is not set: The FindPythonInterp and FindPythonLibs modules
[5.158s]   are removed.  Run "cmake --help-policy CMP0148" for policy details.  Use
[5.158s]   the cmake_policy command to set the policy and suppress this warning.
[5.158s] 
[5.158s] Call Stack (most recent call first):
[5.159s]   /opt/ros/humble/install/share/rosidl_generator_py/cmake/rosidl_generator_py_generate_interfaces.cmake:23 (find_package)
[5.159s]   /opt/ros/humble/install/share/ament_cmake_core/cmake/core/ament_execute_extensions.cmake:48 (include)
[5.159s]   /opt/ros/humble/install/share/rosidl_cmake/cmake/rosidl_generate_interfaces.cmake:286 (ament_execute_extensions)
[5.159s]   CMakeLists.txt:14 (rosidl_generate_interfaces)
[5.159s] This warning is for project developers.  Use -Wno-dev to suppress it.
[5.160s] [0m
[5.208s] [33mCMake Warning (dev) at /opt/ros/humble/install/share/python_cmake_module/cmake/Modules/FindPythonExtra.cmake:140 (find_package):
[5.209s]   Policy CMP0148 is not set: The FindPythonInterp and FindPythonLibs modules
[5.209s]   are removed.  Run "cmake --help-policy CMP0148" for policy details.  Use
[5.209s]   the cmake_policy command to set the policy and suppress this warning.
[5.209s] 
[5.210s] Call Stack (most recent call first):
[5.210s]   /opt/ros/humble/install/share/rosidl_generator_py/cmake/rosidl_generator_py_generate_interfaces.cmake:23 (find_package)
[5.210s]   /opt/ros/humble/install/share/ament_cmake_core/cmake/core/ament_execute_extensions.cmake:48 (include)
[5.210s]   /opt/ros/humble/install/share/rosidl_cmake/cmake/rosidl_generate_interfaces.cmake:286 (ament_execute_extensions)
[5.211s]   CMakeLists.txt:14 (rosidl_generate_interfaces)
[5.211s] This warning is for project developers.  Use -Wno-dev to suppress it.
[5.211s] [0m
[5.223s] -- Found PythonLibs: /usr/lib/aarch64-linux-gnu/libpython3.10.so (found suitable version "3.10.12", minimum required is "3.5")
[5.223s] -- Using PYTHON_EXECUTABLE: /usr/local/bin/python3
[5.224s] -- Using PYTHON_INCLUDE_DIRS: /usr/include/python3.10
[5.224s] -- Using PYTHON_LIBRARIES: /usr/lib/aarch64-linux-gnu/libpython3.10.so
[5.277s] -- Found PythonExtra: .so
[5.388s] -- Configuring done (5.2s)
[5.495s] -- Generating done (0.1s)
[5.515s] -- Build files have been written to: /home/newton/lib/build/odrive_can
[5.540s] Invoked command in '/home/newton/lib/build/odrive_can' returned '0': /usr/local/bin/cmake /home/newton/lib/ros_odrive/odrive_node -DCMAKE_INSTALL_PREFIX=/home/newton/lib/install/odrive_can
[5.544s] Invoking command in '/home/newton/lib/build/odrive_can': /usr/local/bin/cmake --build /home/newton/lib/build/odrive_can -- -j6 -l6
[5.741s] [  1%] [34m[1mGenerating C code for ROS interfaces[0m
[5.753s] [  3%] [34m[1mGenerating C++ code for ROS interfaces[0m
[5.759s] [  3%] Built target ament_cmake_python_copy_odrive_can
[6.206s] running egg_info
[6.244s] creating odrive_can.egg-info
[6.244s] writing odrive_can.egg-info/PKG-INFO
[6.244s] writing dependency_links to odrive_can.egg-info/dependency_links.txt
[6.245s] writing top-level names to odrive_can.egg-info/top_level.txt
[6.245s] writing manifest file 'odrive_can.egg-info/SOURCES.txt'
[6.352s] reading manifest file 'odrive_can.egg-info/SOURCES.txt'
[6.354s] writing manifest file 'odrive_can.egg-info/SOURCES.txt'
[6.420s] [  3%] Built target ament_cmake_python_build_odrive_can_egg
[6.619s] [  5%] [32mBuilding C object CMakeFiles/odrive_can__rosidl_generator_c.dir/rosidl_generator_c/odrive_can/msg/detail/control_message__functions.c.o[0m
[6.621s] [  6%] [32mBuilding C object CMakeFiles/odrive_can__rosidl_generator_c.dir/rosidl_generator_c/odrive_can/msg/detail/controller_status__functions.c.o[0m
[6.629s] [ 10%] [32mBuilding C object CMakeFiles/odrive_can__rosidl_generator_c.dir/rosidl_generator_c/odrive_can/srv/detail/axis_state__functions.c.o[0m
[6.629s] [ 10%] [32mBuilding C object CMakeFiles/odrive_can__rosidl_generator_c.dir/rosidl_generator_c/odrive_can/msg/detail/o_drive_status__functions.c.o[0m
[6.637s] [ 10%] Built target odrive_can__cpp
[6.652s] [ 11%] [34m[1mGenerating C++ introspection for ROS interfaces[0m
[6.656s] [ 13%] [34m[1mGenerating C++ type support dispatch for ROS interfaces[0m
[6.738s] [ 15%] [34m[1mGenerating C++ type support for eProsima Fast-RTPS[0m
[6.764s] [ 16%] [32m[1mLinking C shared library libodrive_can__rosidl_generator_c.so[0m
[6.815s] [ 16%] Built target odrive_can__rosidl_generator_c
[6.829s] [ 20%] [34m[1mGenerating C type support dispatch for ROS interfaces[0m
[6.830s] [ 21%] [34m[1mGenerating C type support for eProsima Fast-RTPS[0m
[6.830s] [ 20%] [34m[1mGenerating C introspection for ROS interfaces[0m
[7.267s] [ 23%] [32mBuilding CXX object CMakeFiles/odrive_can__rosidl_typesupport_cpp.dir/rosidl_typesupport_cpp/odrive_can/msg/control_message__type_support.cpp.o[0m
[7.430s] [ 25%] [32mBuilding CXX object CMakeFiles/odrive_can__rosidl_typesupport_introspection_cpp.dir/rosidl_typesupport_introspection_cpp/odrive_can/msg/detail/control_message__type_support.cpp.o[0m
[7.542s] [ 26%] [32mBuilding CXX object CMakeFiles/odrive_can__rosidl_typesupport_fastrtps_cpp.dir/rosidl_typesupport_fastrtps_cpp/odrive_can/msg/detail/dds_fastrtps/control_message__type_support.cpp.o[0m
[7.581s] [ 28%] [32mBuilding CXX object CMakeFiles/odrive_can__rosidl_typesupport_c.dir/rosidl_typesupport_c/odrive_can/msg/control_message__type_support.cpp.o[0m
[7.646s] [ 30%] [32mBuilding CXX object CMakeFiles/odrive_can__rosidl_typesupport_c.dir/rosidl_typesupport_c/odrive_can/msg/controller_status__type_support.cpp.o[0m
[7.681s] [ 31%] [32mBuilding CXX object CMakeFiles/odrive_can__rosidl_typesupport_fastrtps_c.dir/rosidl_typesupport_fastrtps_c/odrive_can/msg/detail/control_message__type_support_c.cpp.o[0m
[7.708s] [ 33%] [32mBuilding CXX object CMakeFiles/odrive_can__rosidl_typesupport_c.dir/rosidl_typesupport_c/odrive_can/msg/o_drive_status__type_support.cpp.o[0m
[7.794s] [ 35%] [32mBuilding CXX object CMakeFiles/odrive_can__rosidl_typesupport_c.dir/rosidl_typesupport_c/odrive_can/srv/axis_state__type_support.cpp.o[0m
[7.844s] [ 36%] [32mBuilding C object CMakeFiles/odrive_can__rosidl_typesupport_introspection_c.dir/rosidl_typesupport_introspection_c/odrive_can/msg/detail/control_message__type_support.c.o[0m
[7.884s] [ 38%] [32m[1mLinking CXX shared library libodrive_can__rosidl_typesupport_c.so[0m
[7.934s] [ 40%] [32mBuilding C object CMakeFiles/odrive_can__rosidl_typesupport_introspection_c.dir/rosidl_typesupport_introspection_c/odrive_can/msg/detail/controller_status__type_support.c.o[0m
[7.946s] [ 41%] [32mBuilding CXX object CMakeFiles/odrive_can__rosidl_typesupport_cpp.dir/rosidl_typesupport_cpp/odrive_can/msg/controller_status__type_support.cpp.o[0m
[7.966s] [ 41%] Built target odrive_can__rosidl_typesupport_c
[7.976s] [ 43%] [32mBuilding CXX object CMakeFiles/odrive_can__rosidl_typesupport_introspection_cpp.dir/rosidl_typesupport_introspection_cpp/odrive_can/msg/detail/controller_status__type_support.cpp.o[0m
[8.047s] [ 45%] [32mBuilding C object CMakeFiles/odrive_can__rosidl_typesupport_introspection_c.dir/rosidl_typesupport_introspection_c/odrive_can/msg/detail/o_drive_status__type_support.c.o[0m
[8.161s] [ 46%] [32mBuilding C object CMakeFiles/odrive_can__rosidl_typesupport_introspection_c.dir/rosidl_typesupport_introspection_c/odrive_can/srv/detail/axis_state__type_support.c.o[0m
[8.289s] [ 48%] [32m[1mLinking C shared library libodrive_can__rosidl_typesupport_introspection_c.so[0m
[8.298s] [ 50%] [32mBuilding CXX object CMakeFiles/odrive_can__rosidl_typesupport_introspection_cpp.dir/rosidl_typesupport_introspection_cpp/odrive_can/msg/detail/o_drive_status__type_support.cpp.o[0m
[8.348s] [ 50%] Built target odrive_can__rosidl_typesupport_introspection_c
[8.366s] [ 51%] [32mBuilding CXX object CMakeFiles/odrive_can__rosidl_typesupport_introspection_cpp.dir/rosidl_typesupport_introspection_cpp/odrive_can/srv/detail/axis_state__type_support.cpp.o[0m
[8.474s] [ 53%] [32mBuilding CXX object CMakeFiles/odrive_can__rosidl_typesupport_fastrtps_c.dir/rosidl_typesupport_fastrtps_c/odrive_can/msg/detail/controller_status__type_support_c.cpp.o[0m
[8.480s] [ 55%] [32mBuilding CXX object CMakeFiles/odrive_can__rosidl_typesupport_fastrtps_cpp.dir/rosidl_typesupport_fastrtps_cpp/odrive_can/msg/detail/dds_fastrtps/controller_status__type_support.cpp.o[0m
[8.543s] [ 56%] [32mBuilding CXX object CMakeFiles/odrive_can__rosidl_typesupport_cpp.dir/rosidl_typesupport_cpp/odrive_can/msg/o_drive_status__type_support.cpp.o[0m
[8.917s] [ 58%] [32mBuilding CXX object CMakeFiles/odrive_can__rosidl_typesupport_fastrtps_cpp.dir/rosidl_typesupport_fastrtps_cpp/odrive_can/msg/detail/dds_fastrtps/o_drive_status__type_support.cpp.o[0m
[9.122s] [ 60%] [32mBuilding CXX object CMakeFiles/odrive_can__rosidl_typesupport_cpp.dir/rosidl_typesupport_cpp/odrive_can/srv/axis_state__type_support.cpp.o[0m
[9.165s] [ 61%] [32mBuilding CXX object CMakeFiles/odrive_can__rosidl_typesupport_fastrtps_cpp.dir/rosidl_typesupport_fastrtps_cpp/odrive_can/srv/detail/dds_fastrtps/axis_state__type_support.cpp.o[0m
[9.232s] [ 63%] [32mBuilding CXX object CMakeFiles/odrive_can__rosidl_typesupport_fastrtps_c.dir/rosidl_typesupport_fastrtps_c/odrive_can/msg/detail/o_drive_status__type_support_c.cpp.o[0m
[9.299s] [ 65%] [32m[1mLinking CXX shared library libodrive_can__rosidl_typesupport_introspection_cpp.so[0m
[9.385s] [ 65%] Built target odrive_can__rosidl_typesupport_introspection_cpp
[9.399s] [ 66%] [32mBuilding CXX object CMakeFiles/odrive_can__rosidl_typesupport_fastrtps_c.dir/rosidl_typesupport_fastrtps_c/odrive_can/srv/detail/axis_state__type_support_c.cpp.o[0m
[9.717s] [ 68%] [32m[1mLinking CXX shared library libodrive_can__rosidl_typesupport_cpp.so[0m
[9.787s] [ 68%] Built target odrive_can__rosidl_typesupport_cpp
[9.815s] [ 70%] [32mBuilding CXX object CMakeFiles/odrive_can_node.dir/home/newton/lib/ros_odrive/odrive_base/src/epoll_event_loop.cpp.o[0m
[9.820s] [ 71%] [32mBuilding CXX object CMakeFiles/odrive_can_node.dir/home/newton/lib/ros_odrive/odrive_base/src/socket_can.cpp.o[0m
[9.970s] [ 73%] [32mBuilding CXX object CMakeFiles/odrive_can_node.dir/src/odrive_can_node.cpp.o[0m
[9.983s] [ 75%] [32mBuilding CXX object CMakeFiles/odrive_can_node.dir/src/main.cpp.o[0m
[10.136s] [ 76%] [32m[1mLinking CXX shared library libodrive_can__rosidl_typesupport_fastrtps_cpp.so[0m
[10.274s] [ 76%] Built target odrive_can__rosidl_typesupport_fastrtps_cpp
[10.396s] [ 78%] [32m[1mLinking CXX shared library libodrive_can__rosidl_typesupport_fastrtps_c.so[0m
[10.537s] [ 78%] Built target odrive_can__rosidl_typesupport_fastrtps_c
[10.561s] [ 78%] Built target odrive_can
[10.582s] [ 80%] [34m[1mGenerating Python code for ROS interfaces[0m
[11.937s] [ 80%] Built target odrive_can__py
[11.957s] [ 81%] [32mBuilding C object CMakeFiles/odrive_can__rosidl_generator_py.dir/rosidl_generator_py/odrive_can/msg/_controller_status_s.c.o[0m
[11.958s] [ 83%] [32mBuilding C object CMakeFiles/odrive_can__rosidl_generator_py.dir/rosidl_generator_py/odrive_can/msg/_control_message_s.c.o[0m
[11.960s] [ 85%] [32mBuilding C object CMakeFiles/odrive_can__rosidl_generator_py.dir/rosidl_generator_py/odrive_can/msg/_o_drive_status_s.c.o[0m
[11.963s] [ 86%] [32mBuilding C object CMakeFiles/odrive_can__rosidl_generator_py.dir/rosidl_generator_py/odrive_can/srv/_axis_state_s.c.o[0m
[12.267s] [ 88%] [32m[1mLinking C shared library rosidl_generator_py/odrive_can/libodrive_can__rosidl_generator_py.so[0m
[12.323s] [ 88%] Built target odrive_can__rosidl_generator_py
[12.344s] [ 91%] [32mBuilding C object CMakeFiles/odrive_can__rosidl_typesupport_c__pyext.dir/rosidl_generator_py/odrive_can/_odrive_can_s.ep.rosidl_typesupport_c.c.o[0m
[12.345s] [ 91%] [32mBuilding C object CMakeFiles/odrive_can__rosidl_typesupport_fastrtps_c__pyext.dir/rosidl_generator_py/odrive_can/_odrive_can_s.ep.rosidl_typesupport_fastrtps_c.c.o[0m
[12.345s] [ 93%] [32mBuilding C object CMakeFiles/odrive_can__rosidl_typesupport_introspection_c__pyext.dir/rosidl_generator_py/odrive_can/_odrive_can_s.ep.rosidl_typesupport_introspection_c.c.o[0m
[12.564s] [ 95%] [32m[1mLinking C shared library rosidl_generator_py/odrive_can/odrive_can_s__rosidl_typesupport_c.cpython-310-aarch64-linux-gnu.so[0m
[12.571s] [ 96%] [32m[1mLinking C shared library rosidl_generator_py/odrive_can/odrive_can_s__rosidl_typesupport_introspection_c.cpython-310-aarch64-linux-gnu.so[0m
[12.609s] [ 96%] Built target odrive_can__rosidl_typesupport_c__pyext
[12.618s] [ 96%] Built target odrive_can__rosidl_typesupport_introspection_c__pyext
[12.630s] [ 98%] [32m[1mLinking C shared library rosidl_generator_py/odrive_can/odrive_can_s__rosidl_typesupport_fastrtps_c.cpython-310-aarch64-linux-gnu.so[0m
[12.674s] [ 98%] Built target odrive_can__rosidl_typesupport_fastrtps_c__pyext
[16.806s] [01m[K/home/newton/lib/ros_odrive/odrive_node/src/odrive_can_node.cpp:[m[K In member function ‘[01m[Kvoid ODriveCanNode::service_clear_errors_callback(std::shared_ptr<std_srvs::srv::Empty_Request_<std::allocator<void> > >, std::shared_ptr<std_srvs::srv::Empty_Response_<std::allocator<void> > >)[m[K’:
[16.807s] [01m[K/home/newton/lib/ros_odrive/odrive_node/src/odrive_can_node.cpp:202:89:[m[K [01;35m[Kwarning: [m[Kunused parameter ‘[01m[Krequest[m[K’ [[01;35m[K-Wunused-parameter[m[K]
[16.807s]   202 | void ODriveCanNode::service_clear_errors_callback([01;35m[Kconst std::shared_ptr<Empty::Request> request[m[K, std::shared_ptr<Empty::Response> response) {
[16.807s]       |                                                   [01;35m[K~~~~~~~~~~~~~~~~~~~~~~~~~~~~~~~~~~~~~~^~~~~~~[m[K
[16.807s] [01m[K/home/newton/lib/ros_odrive/odrive_node/src/odrive_can_node.cpp:202:131:[m[K [01;35m[Kwarning: [m[Kunused parameter ‘[01m[Kresponse[m[K’ [[01;35m[K-Wunused-parameter[m[K]
[16.808s]   202 | void ODriveCanNode::service_clear_errors_callback(const std::shared_ptr<Empty::Request> request, [01;35m[Kstd::shared_ptr<Empty::Response> response[m[K) {
[16.808s]       |                                                                                                  [01;35m[K~~~~~~~~~~~~~~~~~~~~~~~~~~~~~~~~~^~~~~~~~[m[K
[25.370s] [01m[K/home/newton/lib/ros_odrive/odrive_node/src/odrive_can_node.cpp:[m[K In member function ‘[01m[Kvoid ODriveCanNode::deinit()[m[K’:
[25.371s] [01m[K/home/newton/lib/ros_odrive/odrive_node/src/odrive_can_node.cpp:57:27:[m[K [01;35m[Kwarning: [m[K‘[01m[Kframe[m[K’ may be used uninitialized [[01;35m[K-Wmaybe-uninitialized[m[K]
[25.371s]    57 |         [01;35m[Kwrite_le<uint32_t>(ODriveAxisState::AXIS_STATE_IDLE, frame.data)[m[K;
[25.371s]       |         [01;35m[K~~~~~~~~~~~~~~~~~~^~~~~~~~~~~~~~~~~~~~~~~~~~~~~~~~~~~~~~~~~~~~~~[m[K
[25.372s] In file included from [01m[K/home/newton/lib/ros_odrive/odrive_node/src/odrive_can_node.cpp:4[m[K:
[25.372s] [01m[K/home/newton/lib/ros_odrive/odrive_node/include/byte_swap.hpp:36:6:[m[K [01;36m[Knote: [m[Kby argument 2 of type ‘[01m[Kconst unsigned char*[m[K’ to ‘[01m[Kvoid write_le(const T&, const unsigned char*) [with T = unsigned int][m[K’ declared here
[25.372s]    36 | void [01;36m[Kwrite_le[m[K(const T& val, const unsigned char* buf) {
[25.372s]       |      [01;36m[K^~~~~~~~[m[K
[25.373s] [01m[K/home/newton/lib/ros_odrive/odrive_node/src/odrive_can_node.cpp:55:26:[m[K [01;36m[Knote: [m[K‘[01m[Kframe[m[K’ declared here
[25.373s]    55 |         struct can_frame [01;36m[Kframe[m[K;
[25.373s]       |                          [01;36m[K^~~~~[m[K
[25.373s] [01m[K/home/newton/lib/ros_odrive/odrive_node/src/odrive_can_node.cpp:[m[K In member function ‘[01m[Kvoid ODriveCanNode::request_clear_errors_callback()[m[K’:
[25.373s] [01m[K/home/newton/lib/ros_odrive/odrive_node/src/odrive_can_node.cpp:234:22:[m[K [01;35m[Kwarning: [m[K‘[01m[Kframe[m[K’ may be used uninitialized [[01;35m[K-Wmaybe-uninitialized[m[K]
[25.374s]   234 |     [01;35m[Kwrite_le<uint8_t>(0, frame.data)[m[K;
[25.374s]       |     [01;35m[K~~~~~~~~~~~~~~~~~^~~~~~~~~~~~~~~[m[K
[25.374s] In file included from [01m[K/home/newton/lib/ros_odrive/odrive_node/src/odrive_can_node.cpp:4[m[K:
[25.374s] [01m[K/home/newton/lib/ros_odrive/odrive_node/include/byte_swap.hpp:36:6:[m[K [01;36m[Knote: [m[Kby argument 2 of type ‘[01m[Kconst unsigned char*[m[K’ to ‘[01m[Kvoid write_le(const T&, const unsigned char*) [with T = unsigned char][m[K’ declared here
[25.375s]    36 | void [01;36m[Kwrite_le[m[K(const T& val, const unsigned char* buf) {
[25.375s]       |      [01;36m[K^~~~~~~~[m[K
[25.375s] [01m[K/home/newton/lib/ros_odrive/odrive_node/src/odrive_can_node.cpp:232:22:[m[K [01;36m[Knote: [m[K‘[01m[Kframe[m[K’ declared here
[25.375s]   232 |     struct can_frame [01;36m[Kframe[m[K;
[25.375s]       |                      [01;36m[K^~~~~[m[K
[35.122s] [100%] [32m[1mLinking CXX executable odrive_can_node[0m
[36.163s] [100%] Built target odrive_can_node
[36.179s] Invoked command in '/home/newton/lib/build/odrive_can' returned '0': /usr/local/bin/cmake --build /home/newton/lib/build/odrive_can -- -j6 -l6
[36.350s] Invoking command in '/home/newton/lib/build/odrive_can': /usr/local/bin/cmake --install /home/newton/lib/build/odrive_can
[36.514s] -- Install configuration: ""
[36.514s] -- Installing: /home/newton/lib/install/odrive_can/share/ament_index/resource_index/rosidl_interfaces/odrive_can
[36.514s] -- Installing: /home/newton/lib/install/odrive_can/include/odrive_can/odrive_can
[36.515s] -- Installing: /home/newton/lib/install/odrive_can/include/odrive_can/odrive_can/srv
[36.515s] -- Installing: /home/newton/lib/install/odrive_can/include/odrive_can/odrive_can/srv/axis_state.h
[36.515s] -- Installing: /home/newton/lib/install/odrive_can/include/odrive_can/odrive_can/srv/detail
[36.515s] -- Installing: /home/newton/lib/install/odrive_can/include/odrive_can/odrive_can/srv/detail/axis_state__functions.c
[36.516s] -- Installing: /home/newton/lib/install/odrive_can/include/odrive_can/odrive_can/srv/detail/axis_state__struct.h
[36.516s] -- Installing: /home/newton/lib/install/odrive_can/include/odrive_can/odrive_can/srv/detail/axis_state__functions.h
[36.516s] -- Installing: /home/newton/lib/install/odrive_can/include/odrive_can/odrive_can/srv/detail/axis_state__type_support.h
[36.516s] -- Installing: /home/newton/lib/install/odrive_can/include/odrive_can/odrive_can/msg
[36.516s] -- Installing: /home/newton/lib/install/odrive_can/include/odrive_can/odrive_can/msg/controller_status.h
[36.517s] -- Installing: /home/newton/lib/install/odrive_can/include/odrive_can/odrive_can/msg/rosidl_generator_c__visibility_control.h
[36.517s] -- Installing: /home/newton/lib/install/odrive_can/include/odrive_can/odrive_can/msg/o_drive_status.h
[36.517s] -- Installing: /home/newton/lib/install/odrive_can/include/odrive_can/odrive_can/msg/detail
[36.517s] -- Installing: /home/newton/lib/install/odrive_can/include/odrive_can/odrive_can/msg/detail/controller_status__functions.h
[36.517s] -- Installing: /home/newton/lib/install/odrive_can/include/odrive_can/odrive_can/msg/detail/control_message__functions.h
[36.518s] -- Installing: /home/newton/lib/install/odrive_can/include/odrive_can/odrive_can/msg/detail/control_message__type_support.h
[36.518s] -- Installing: /home/newton/lib/install/odrive_can/include/odrive_can/odrive_can/msg/detail/controller_status__struct.h
[36.518s] -- Installing: /home/newton/lib/install/odrive_can/include/odrive_can/odrive_can/msg/detail/controller_status__functions.c
[36.518s] -- Installing: /home/newton/lib/install/odrive_can/include/odrive_can/odrive_can/msg/detail/o_drive_status__struct.h
[36.518s] -- Installing: /home/newton/lib/install/odrive_can/include/odrive_can/odrive_can/msg/detail/o_drive_status__functions.c
[36.519s] -- Installing: /home/newton/lib/install/odrive_can/include/odrive_can/odrive_can/msg/detail/o_drive_status__type_support.h
[36.519s] -- Installing: /home/newton/lib/install/odrive_can/include/odrive_can/odrive_can/msg/detail/control_message__struct.h
[36.519s] -- Installing: /home/newton/lib/install/odrive_can/include/odrive_can/odrive_can/msg/detail/controller_status__type_support.h
[36.519s] -- Installing: /home/newton/lib/install/odrive_can/include/odrive_can/odrive_can/msg/detail/control_message__functions.c
[36.520s] -- Installing: /home/newton/lib/install/odrive_can/include/odrive_can/odrive_can/msg/detail/o_drive_status__functions.h
[36.520s] -- Installing: /home/newton/lib/install/odrive_can/include/odrive_can/odrive_can/msg/control_message.h
[36.521s] -- Installing: /home/newton/lib/install/odrive_can/share/odrive_can/environment/library_path.sh
[36.521s] -- Installing: /home/newton/lib/install/odrive_can/share/odrive_can/environment/library_path.dsv
[36.521s] -- Installing: /home/newton/lib/install/odrive_can/lib/libodrive_can__rosidl_generator_c.so
[36.522s] -- Set non-toolchain portion of runtime path of "/home/newton/lib/install/odrive_can/lib/libodrive_can__rosidl_generator_c.so" to ""
[36.522s] -- Up-to-date: /home/newton/lib/install/odrive_can/include/odrive_can/odrive_can
[36.522s] -- Up-to-date: /home/newton/lib/install/odrive_can/include/odrive_can/odrive_can/srv
[36.523s] -- Up-to-date: /home/newton/lib/install/odrive_can/include/odrive_can/odrive_can/srv/detail
[36.523s] -- Installing: /home/newton/lib/install/odrive_can/include/odrive_can/odrive_can/srv/detail/axis_state__rosidl_typesupport_fastrtps_c.h
[36.523s] -- Up-to-date: /home/newton/lib/install/odrive_can/include/odrive_can/odrive_can/msg
[36.523s] -- Installing: /home/newton/lib/install/odrive_can/include/odrive_can/odrive_can/msg/rosidl_typesupport_fastrtps_c__visibility_control.h
[36.523s] -- Up-to-date: /home/newton/lib/install/odrive_can/include/odrive_can/odrive_can/msg/detail
[36.523s] -- Installing: /home/newton/lib/install/odrive_can/include/odrive_can/odrive_can/msg/detail/o_drive_status__rosidl_typesupport_fastrtps_c.h
[36.524s] -- Installing: /home/newton/lib/install/odrive_can/include/odrive_can/odrive_can/msg/detail/control_message__rosidl_typesupport_fastrtps_c.h
[36.524s] -- Installing: /home/newton/lib/install/odrive_can/include/odrive_can/odrive_can/msg/detail/controller_status__rosidl_typesupport_fastrtps_c.h
[36.524s] -- Installing: /home/newton/lib/install/odrive_can/lib/libodrive_can__rosidl_typesupport_fastrtps_c.so
[36.525s] -- Set non-toolchain portion of runtime path of "/home/newton/lib/install/odrive_can/lib/libodrive_can__rosidl_typesupport_fastrtps_c.so" to ""
[36.525s] -- Up-to-date: /home/newton/lib/install/odrive_can/include/odrive_can/odrive_can
[36.525s] -- Up-to-date: /home/newton/lib/install/odrive_can/include/odrive_can/odrive_can/srv
[36.525s] -- Installing: /home/newton/lib/install/odrive_can/include/odrive_can/odrive_can/srv/axis_state.hpp
[36.525s] -- Up-to-date: /home/newton/lib/install/odrive_can/include/odrive_can/odrive_can/srv/detail
[36.525s] -- Installing: /home/newton/lib/install/odrive_can/include/odrive_can/odrive_can/srv/detail/axis_state__struct.hpp
[36.525s] -- Installing: /home/newton/lib/install/odrive_can/include/odrive_can/odrive_can/srv/detail/axis_state__builder.hpp
[36.526s] -- Installing: /home/newton/lib/install/odrive_can/include/odrive_can/odrive_can/srv/detail/axis_state__traits.hpp
[36.526s] -- Installing: /home/newton/lib/install/odrive_can/include/odrive_can/odrive_can/srv/detail/axis_state__type_support.hpp
[36.526s] -- Up-to-date: /home/newton/lib/install/odrive_can/include/odrive_can/odrive_can/msg
[36.526s] -- Installing: /home/newton/lib/install/odrive_can/include/odrive_can/odrive_can/msg/o_drive_status.hpp
[36.526s] -- Installing: /home/newton/lib/install/odrive_can/include/odrive_can/odrive_can/msg/controller_status.hpp
[36.526s] -- Up-to-date: /home/newton/lib/install/odrive_can/include/odrive_can/odrive_can/msg/detail
[36.527s] -- Installing: /home/newton/lib/install/odrive_can/include/odrive_can/odrive_can/msg/detail/control_message__traits.hpp
[36.527s] -- Installing: /home/newton/lib/install/odrive_can/include/odrive_can/odrive_can/msg/detail/control_message__type_support.hpp
[36.527s] -- Installing: /home/newton/lib/install/odrive_can/include/odrive_can/odrive_can/msg/detail/o_drive_status__struct.hpp
[36.527s] -- Installing: /home/newton/lib/install/odrive_can/include/odrive_can/odrive_can/msg/detail/control_message__builder.hpp
[36.527s] -- Installing: /home/newton/lib/install/odrive_can/include/odrive_can/odrive_can/msg/detail/controller_status__traits.hpp
[36.528s] -- Installing: /home/newton/lib/install/odrive_can/include/odrive_can/odrive_can/msg/detail/o_drive_status__type_support.hpp
[36.528s] -- Installing: /home/newton/lib/install/odrive_can/include/odrive_can/odrive_can/msg/detail/o_drive_status__traits.hpp
[36.528s] -- Installing: /home/newton/lib/install/odrive_can/include/odrive_can/odrive_can/msg/detail/controller_status__type_support.hpp
[36.528s] -- Installing: /home/newton/lib/install/odrive_can/include/odrive_can/odrive_can/msg/detail/controller_status__struct.hpp
[36.529s] -- Installing: /home/newton/lib/install/odrive_can/include/odrive_can/odrive_can/msg/detail/controller_status__builder.hpp
[36.529s] -- Installing: /home/newton/lib/install/odrive_can/include/odrive_can/odrive_can/msg/detail/o_drive_status__builder.hpp
[36.529s] -- Installing: /home/newton/lib/install/odrive_can/include/odrive_can/odrive_can/msg/detail/control_message__struct.hpp
[36.529s] -- Installing: /home/newton/lib/install/odrive_can/include/odrive_can/odrive_can/msg/rosidl_generator_cpp__visibility_control.hpp
[36.529s] -- Installing: /home/newton/lib/install/odrive_can/include/odrive_can/odrive_can/msg/control_message.hpp
[36.530s] -- Up-to-date: /home/newton/lib/install/odrive_can/include/odrive_can/odrive_can
[36.530s] -- Up-to-date: /home/newton/lib/install/odrive_can/include/odrive_can/odrive_can/srv
[36.530s] -- Up-to-date: /home/newton/lib/install/odrive_can/include/odrive_can/odrive_can/srv/detail
[36.530s] -- Installing: /home/newton/lib/install/odrive_can/include/odrive_can/odrive_can/srv/detail/dds_fastrtps
[36.530s] -- Installing: /home/newton/lib/install/odrive_can/include/odrive_can/odrive_can/srv/detail/axis_state__rosidl_typesupport_fastrtps_cpp.hpp
[36.530s] -- Up-to-date: /home/newton/lib/install/odrive_can/include/odrive_can/odrive_can/msg
[36.531s] -- Installing: /home/newton/lib/install/odrive_can/include/odrive_can/odrive_can/msg/rosidl_typesupport_fastrtps_cpp__visibility_control.h
[36.531s] -- Up-to-date: /home/newton/lib/install/odrive_can/include/odrive_can/odrive_can/msg/detail
[36.531s] -- Installing: /home/newton/lib/install/odrive_can/include/odrive_can/odrive_can/msg/detail/o_drive_status__rosidl_typesupport_fastrtps_cpp.hpp
[36.533s] -- Installing: /home/newton/lib/install/odrive_can/include/odrive_can/odrive_can/msg/detail/control_message__rosidl_typesupport_fastrtps_cpp.hpp
[36.533s] -- Installing: /home/newton/lib/install/odrive_can/include/odrive_can/odrive_can/msg/detail/dds_fastrtps
[36.533s] -- Installing: /home/newton/lib/install/odrive_can/include/odrive_can/odrive_can/msg/detail/controller_status__rosidl_typesupport_fastrtps_cpp.hpp
[36.533s] -- Installing: /home/newton/lib/install/odrive_can/lib/libodrive_can__rosidl_typesupport_fastrtps_cpp.so
[36.533s] -- Set non-toolchain portion of runtime path of "/home/newton/lib/install/odrive_can/lib/libodrive_can__rosidl_typesupport_fastrtps_cpp.so" to ""
[36.533s] -- Up-to-date: /home/newton/lib/install/odrive_can/include/odrive_can/odrive_can
[36.533s] -- Up-to-date: /home/newton/lib/install/odrive_can/include/odrive_can/odrive_can/srv
[36.534s] -- Up-to-date: /home/newton/lib/install/odrive_can/include/odrive_can/odrive_can/srv/detail
[36.534s] -- Installing: /home/newton/lib/install/odrive_can/include/odrive_can/odrive_can/srv/detail/axis_state__type_support.c
[36.534s] -- Installing: /home/newton/lib/install/odrive_can/include/odrive_can/odrive_can/srv/detail/axis_state__rosidl_typesupport_introspection_c.h
[36.534s] -- Up-to-date: /home/newton/lib/install/odrive_can/include/odrive_can/odrive_can/msg
[36.534s] -- Installing: /home/newton/lib/install/odrive_can/include/odrive_can/odrive_can/msg/rosidl_typesupport_introspection_c__visibility_control.h
[36.534s] -- Up-to-date: /home/newton/lib/install/odrive_can/include/odrive_can/odrive_can/msg/detail
[36.534s] -- Installing: /home/newton/lib/install/odrive_can/include/odrive_can/odrive_can/msg/detail/o_drive_status__rosidl_typesupport_introspection_c.h
[36.535s] -- Installing: /home/newton/lib/install/odrive_can/include/odrive_can/odrive_can/msg/detail/controller_status__type_support.c
[36.535s] -- Installing: /home/newton/lib/install/odrive_can/include/odrive_can/odrive_can/msg/detail/control_message__rosidl_typesupport_introspection_c.h
[36.535s] -- Installing: /home/newton/lib/install/odrive_can/include/odrive_can/odrive_can/msg/detail/control_message__type_support.c
[36.535s] -- Installing: /home/newton/lib/install/odrive_can/include/odrive_can/odrive_can/msg/detail/controller_status__rosidl_typesupport_introspection_c.h
[36.535s] -- Installing: /home/newton/lib/install/odrive_can/include/odrive_can/odrive_can/msg/detail/o_drive_status__type_support.c
[36.535s] -- Installing: /home/newton/lib/install/odrive_can/lib/libodrive_can__rosidl_typesupport_introspection_c.so
[36.536s] -- Set non-toolchain portion of runtime path of "/home/newton/lib/install/odrive_can/lib/libodrive_can__rosidl_typesupport_introspection_c.so" to ""
[36.536s] -- Installing: /home/newton/lib/install/odrive_can/lib/libodrive_can__rosidl_typesupport_c.so
[36.536s] -- Set non-toolchain portion of runtime path of "/home/newton/lib/install/odrive_can/lib/libodrive_can__rosidl_typesupport_c.so" to ""
[36.537s] -- Up-to-date: /home/newton/lib/install/odrive_can/include/odrive_can/odrive_can
[36.537s] -- Up-to-date: /home/newton/lib/install/odrive_can/include/odrive_can/odrive_can/srv
[36.537s] -- Up-to-date: /home/newton/lib/install/odrive_can/include/odrive_can/odrive_can/srv/detail
[36.537s] -- Installing: /home/newton/lib/install/odrive_can/include/odrive_can/odrive_can/srv/detail/axis_state__rosidl_typesupport_introspection_cpp.hpp
[36.537s] -- Installing: /home/newton/lib/install/odrive_can/include/odrive_can/odrive_can/srv/detail/axis_state__type_support.cpp
[36.537s] -- Up-to-date: /home/newton/lib/install/odrive_can/include/odrive_can/odrive_can/msg
[36.538s] -- Up-to-date: /home/newton/lib/install/odrive_can/include/odrive_can/odrive_can/msg/detail
[36.538s] -- Installing: /home/newton/lib/install/odrive_can/include/odrive_can/odrive_can/msg/detail/o_drive_status__rosidl_typesupport_introspection_cpp.hpp
[36.538s] -- Installing: /home/newton/lib/install/odrive_can/include/odrive_can/odrive_can/msg/detail/o_drive_status__type_support.cpp
[36.538s] -- Installing: /home/newton/lib/install/odrive_can/include/odrive_can/odrive_can/msg/detail/control_message__type_support.cpp
[36.538s] -- Installing: /home/newton/lib/install/odrive_can/include/odrive_can/odrive_can/msg/detail/control_message__rosidl_typesupport_introspection_cpp.hpp
[36.538s] -- Installing: /home/newton/lib/install/odrive_can/include/odrive_can/odrive_can/msg/detail/controller_status__type_support.cpp
[36.539s] -- Installing: /home/newton/lib/install/odrive_can/include/odrive_can/odrive_can/msg/detail/controller_status__rosidl_typesupport_introspection_cpp.hpp
[36.539s] -- Installing: /home/newton/lib/install/odrive_can/lib/libodrive_can__rosidl_typesupport_introspection_cpp.so
[36.540s] -- Set non-toolchain portion of runtime path of "/home/newton/lib/install/odrive_can/lib/libodrive_can__rosidl_typesupport_introspection_cpp.so" to ""
[36.540s] -- Installing: /home/newton/lib/install/odrive_can/lib/libodrive_can__rosidl_typesupport_cpp.so
[36.540s] -- Set non-toolchain portion of runtime path of "/home/newton/lib/install/odrive_can/lib/libodrive_can__rosidl_typesupport_cpp.so" to ""
[36.541s] -- Installing: /home/newton/lib/install/odrive_can/share/odrive_can/environment/pythonpath.sh
[36.541s] -- Installing: /home/newton/lib/install/odrive_can/share/odrive_can/environment/pythonpath.dsv
[36.541s] -- Installing: /home/newton/lib/install/odrive_can/local/lib/python3.10/dist-packages/odrive_can-0.0.1-py3.10.egg-info
[36.541s] -- Installing: /home/newton/lib/install/odrive_can/local/lib/python3.10/dist-packages/odrive_can-0.0.1-py3.10.egg-info/PKG-INFO
[36.542s] -- Installing: /home/newton/lib/install/odrive_can/local/lib/python3.10/dist-packages/odrive_can-0.0.1-py3.10.egg-info/SOURCES.txt
[36.542s] -- Installing: /home/newton/lib/install/odrive_can/local/lib/python3.10/dist-packages/odrive_can-0.0.1-py3.10.egg-info/dependency_links.txt
[36.542s] -- Installing: /home/newton/lib/install/odrive_can/local/lib/python3.10/dist-packages/odrive_can-0.0.1-py3.10.egg-info/top_level.txt
[36.542s] -- Installing: /home/newton/lib/install/odrive_can/local/lib/python3.10/dist-packages/odrive_can
[36.543s] -- Installing: /home/newton/lib/install/odrive_can/local/lib/python3.10/dist-packages/odrive_can/_odrive_can_s.ep.rosidl_typesupport_introspection_c.c
[36.543s] -- Installing: /home/newton/lib/install/odrive_can/local/lib/python3.10/dist-packages/odrive_can/odrive_can_s__rosidl_typesupport_fastrtps_c.cpython-310-aarch64-linux-gnu.so
[36.543s] -- Installing: /home/newton/lib/install/odrive_can/local/lib/python3.10/dist-packages/odrive_can/odrive_can_s__rosidl_typesupport_c.cpython-310-aarch64-linux-gnu.so
[36.544s] -- Installing: /home/newton/lib/install/odrive_can/local/lib/python3.10/dist-packages/odrive_can/libodrive_can__rosidl_generator_py.so
[36.544s] -- Installing: /home/newton/lib/install/odrive_can/local/lib/python3.10/dist-packages/odrive_can/_odrive_can_s.ep.rosidl_typesupport_c.c
[36.544s] -- Installing: /home/newton/lib/install/odrive_can/local/lib/python3.10/dist-packages/odrive_can/__init__.py
[36.544s] -- Installing: /home/newton/lib/install/odrive_can/local/lib/python3.10/dist-packages/odrive_can/srv
[36.544s] -- Installing: /home/newton/lib/install/odrive_can/local/lib/python3.10/dist-packages/odrive_can/srv/_axis_state_s.c
[36.545s] -- Installing: /home/newton/lib/install/odrive_can/local/lib/python3.10/dist-packages/odrive_can/srv/_axis_state.py
[36.545s] -- Installing: /home/newton/lib/install/odrive_can/local/lib/python3.10/dist-packages/odrive_can/srv/__init__.py
[36.545s] -- Installing: /home/newton/lib/install/odrive_can/local/lib/python3.10/dist-packages/odrive_can/_odrive_can_s.ep.rosidl_typesupport_fastrtps_c.c
[36.545s] -- Installing: /home/newton/lib/install/odrive_can/local/lib/python3.10/dist-packages/odrive_can/odrive_can_s__rosidl_typesupport_introspection_c.cpython-310-aarch64-linux-gnu.so
[36.546s] -- Installing: /home/newton/lib/install/odrive_can/local/lib/python3.10/dist-packages/odrive_can/msg
[36.546s] -- Installing: /home/newton/lib/install/odrive_can/local/lib/python3.10/dist-packages/odrive_can/msg/_control_message_s.c
[36.546s] -- Installing: /home/newton/lib/install/odrive_can/local/lib/python3.10/dist-packages/odrive_can/msg/_o_drive_status_s.c
[36.546s] -- Installing: /home/newton/lib/install/odrive_can/local/lib/python3.10/dist-packages/odrive_can/msg/_o_drive_status.py
[36.546s] -- Installing: /home/newton/lib/install/odrive_can/local/lib/python3.10/dist-packages/odrive_can/msg/_controller_status.py
[36.547s] -- Installing: /home/newton/lib/install/odrive_can/local/lib/python3.10/dist-packages/odrive_can/msg/_controller_status_s.c
[36.547s] -- Installing: /home/newton/lib/install/odrive_can/local/lib/python3.10/dist-packages/odrive_can/msg/__init__.py
[36.547s] -- Installing: /home/newton/lib/install/odrive_can/local/lib/python3.10/dist-packages/odrive_can/msg/_control_message.py
[36.611s] Listing '/home/newton/lib/install/odrive_can/local/lib/python3.10/dist-packages/odrive_can'...
[36.611s] Compiling '/home/newton/lib/install/odrive_can/local/lib/python3.10/dist-packages/odrive_can/__init__.py'...
[36.613s] Listing '/home/newton/lib/install/odrive_can/local/lib/python3.10/dist-packages/odrive_can/msg'...
[36.613s] Compiling '/home/newton/lib/install/odrive_can/local/lib/python3.10/dist-packages/odrive_can/msg/__init__.py'...
[36.613s] Compiling '/home/newton/lib/install/odrive_can/local/lib/python3.10/dist-packages/odrive_can/msg/_control_message.py'...
[36.616s] Compiling '/home/newton/lib/install/odrive_can/local/lib/python3.10/dist-packages/odrive_can/msg/_controller_status.py'...
[36.619s] Compiling '/home/newton/lib/install/odrive_can/local/lib/python3.10/dist-packages/odrive_can/msg/_o_drive_status.py'...
[36.622s] Listing '/home/newton/lib/install/odrive_can/local/lib/python3.10/dist-packages/odrive_can/srv'...
[36.622s] Compiling '/home/newton/lib/install/odrive_can/local/lib/python3.10/dist-packages/odrive_can/srv/__init__.py'...
[36.622s] Compiling '/home/newton/lib/install/odrive_can/local/lib/python3.10/dist-packages/odrive_can/srv/_axis_state.py'...
[36.638s] -- Installing: /home/newton/lib/install/odrive_can/local/lib/python3.10/dist-packages/odrive_can/odrive_can_s__rosidl_typesupport_fastrtps_c.cpython-310-aarch64-linux-gnu.so
[36.639s] -- Set non-toolchain portion of runtime path of "/home/newton/lib/install/odrive_can/local/lib/python3.10/dist-packages/odrive_can/odrive_can_s__rosidl_typesupport_fastrtps_c.cpython-310-aarch64-linux-gnu.so" to ""
[36.639s] -- Installing: /home/newton/lib/install/odrive_can/local/lib/python3.10/dist-packages/odrive_can/odrive_can_s__rosidl_typesupport_introspection_c.cpython-310-aarch64-linux-gnu.so
[36.640s] -- Set non-toolchain portion of runtime path of "/home/newton/lib/install/odrive_can/local/lib/python3.10/dist-packages/odrive_can/odrive_can_s__rosidl_typesupport_introspection_c.cpython-310-aarch64-linux-gnu.so" to ""
[36.641s] -- Installing: /home/newton/lib/install/odrive_can/local/lib/python3.10/dist-packages/odrive_can/odrive_can_s__rosidl_typesupport_c.cpython-310-aarch64-linux-gnu.so
[36.642s] -- Set non-toolchain portion of runtime path of "/home/newton/lib/install/odrive_can/local/lib/python3.10/dist-packages/odrive_can/odrive_can_s__rosidl_typesupport_c.cpython-310-aarch64-linux-gnu.so" to ""
[36.642s] -- Installing: /home/newton/lib/install/odrive_can/lib/libodrive_can__rosidl_generator_py.so
[36.644s] -- Set non-toolchain portion of runtime path of "/home/newton/lib/install/odrive_can/lib/libodrive_can__rosidl_generator_py.so" to ""
[36.644s] -- Installing: /home/newton/lib/install/odrive_can/share/odrive_can/msg/ControlMessage.idl
[36.645s] -- Installing: /home/newton/lib/install/odrive_can/share/odrive_can/msg/ControllerStatus.idl
[36.645s] -- Installing: /home/newton/lib/install/odrive_can/share/odrive_can/msg/ODriveStatus.idl
[36.646s] -- Installing: /home/newton/lib/install/odrive_can/share/odrive_can/srv/AxisState.idl
[36.646s] -- Installing: /home/newton/lib/install/odrive_can/share/odrive_can/msg/ControlMessage.msg
[36.647s] -- Installing: /home/newton/lib/install/odrive_can/share/odrive_can/msg/ControllerStatus.msg
[36.647s] -- Installing: /home/newton/lib/install/odrive_can/share/odrive_can/msg/ODriveStatus.msg
[36.648s] -- Installing: /home/newton/lib/install/odrive_can/share/odrive_can/srv/AxisState.srv
[36.648s] -- Installing: /home/newton/lib/install/odrive_can/share/odrive_can/srv/AxisState_Request.msg
[36.649s] -- Installing: /home/newton/lib/install/odrive_can/share/odrive_can/srv/AxisState_Response.msg
[36.649s] -- Installing: /home/newton/lib/install/odrive_can/lib/odrive_can/odrive_can_node
[36.664s] -- Set non-toolchain portion of runtime path of "/home/newton/lib/install/odrive_can/lib/odrive_can/odrive_can_node" to ""
[36.664s] -- Installing: /home/newton/lib/install/odrive_can/share/odrive_can/launch
[36.665s] -- Installing: /home/newton/lib/install/odrive_can/share/odrive_can/launch/example_launch.yaml
[36.666s] -- Installing: /home/newton/lib/install/odrive_can/share/ament_index/resource_index/package_run_dependencies/odrive_can
[36.667s] -- Installing: /home/newton/lib/install/odrive_can/share/ament_index/resource_index/parent_prefix_path/odrive_can
[36.667s] -- Installing: /home/newton/lib/install/odrive_can/share/odrive_can/environment/ament_prefix_path.sh
[36.668s] -- Installing: /home/newton/lib/install/odrive_can/share/odrive_can/environment/ament_prefix_path.dsv
[36.668s] -- Installing: /home/newton/lib/install/odrive_can/share/odrive_can/environment/path.sh
[36.669s] -- Installing: /home/newton/lib/install/odrive_can/share/odrive_can/environment/path.dsv
[36.669s] -- Installing: /home/newton/lib/install/odrive_can/share/odrive_can/local_setup.bash
[36.669s] -- Installing: /home/newton/lib/install/odrive_can/share/odrive_can/local_setup.sh
[36.670s] -- Installing: /home/newton/lib/install/odrive_can/share/odrive_can/local_setup.zsh
[36.670s] -- Installing: /home/newton/lib/install/odrive_can/share/odrive_can/local_setup.dsv
[36.671s] -- Installing: /home/newton/lib/install/odrive_can/share/odrive_can/package.dsv
[36.671s] -- Installing: /home/newton/lib/install/odrive_can/share/ament_index/resource_index/packages/odrive_can
[36.672s] -- Installing: /home/newton/lib/install/odrive_can/share/odrive_can/cmake/export_odrive_can__rosidl_generator_cExport.cmake
[36.673s] -- Installing: /home/newton/lib/install/odrive_can/share/odrive_can/cmake/export_odrive_can__rosidl_generator_cExport-noconfig.cmake
[36.673s] -- Installing: /home/newton/lib/install/odrive_can/share/odrive_can/cmake/export_odrive_can__rosidl_typesupport_fastrtps_cExport.cmake
[36.673s] -- Installing: /home/newton/lib/install/odrive_can/share/odrive_can/cmake/export_odrive_can__rosidl_typesupport_fastrtps_cExport-noconfig.cmake
[36.674s] -- Installing: /home/newton/lib/install/odrive_can/share/odrive_can/cmake/export_odrive_can__rosidl_generator_cppExport.cmake
[36.674s] -- Installing: /home/newton/lib/install/odrive_can/share/odrive_can/cmake/export_odrive_can__rosidl_typesupport_fastrtps_cppExport.cmake
[36.674s] -- Installing: /home/newton/lib/install/odrive_can/share/odrive_can/cmake/export_odrive_can__rosidl_typesupport_fastrtps_cppExport-noconfig.cmake
[36.675s] -- Installing: /home/newton/lib/install/odrive_can/share/odrive_can/cmake/odrive_can__rosidl_typesupport_introspection_cExport.cmake
[36.675s] -- Installing: /home/newton/lib/install/odrive_can/share/odrive_can/cmake/odrive_can__rosidl_typesupport_introspection_cExport-noconfig.cmake
[36.676s] -- Installing: /home/newton/lib/install/odrive_can/share/odrive_can/cmake/odrive_can__rosidl_typesupport_cExport.cmake
[36.676s] -- Installing: /home/newton/lib/install/odrive_can/share/odrive_can/cmake/odrive_can__rosidl_typesupport_cExport-noconfig.cmake
[36.677s] -- Installing: /home/newton/lib/install/odrive_can/share/odrive_can/cmake/odrive_can__rosidl_typesupport_introspection_cppExport.cmake
[36.677s] -- Installing: /home/newton/lib/install/odrive_can/share/odrive_can/cmake/odrive_can__rosidl_typesupport_introspection_cppExport-noconfig.cmake
[36.678s] -- Installing: /home/newton/lib/install/odrive_can/share/odrive_can/cmake/odrive_can__rosidl_typesupport_cppExport.cmake
[36.678s] -- Installing: /home/newton/lib/install/odrive_can/share/odrive_can/cmake/odrive_can__rosidl_typesupport_cppExport-noconfig.cmake
[36.679s] -- Installing: /home/newton/lib/install/odrive_can/share/odrive_can/cmake/export_odrive_can__rosidl_generator_pyExport.cmake
[36.679s] -- Installing: /home/newton/lib/install/odrive_can/share/odrive_can/cmake/export_odrive_can__rosidl_generator_pyExport-noconfig.cmake
[36.680s] -- Installing: /home/newton/lib/install/odrive_can/share/odrive_can/cmake/rosidl_cmake-extras.cmake
[36.681s] -- Installing: /home/newton/lib/install/odrive_can/share/odrive_can/cmake/ament_cmake_export_include_directories-extras.cmake
[36.681s] -- Installing: /home/newton/lib/install/odrive_can/share/odrive_can/cmake/ament_cmake_export_libraries-extras.cmake
[36.682s] -- Installing: /home/newton/lib/install/odrive_can/share/odrive_can/cmake/ament_cmake_export_targets-extras.cmake
[36.682s] -- Installing: /home/newton/lib/install/odrive_can/share/odrive_can/cmake/rosidl_cmake_export_typesupport_targets-extras.cmake
[36.682s] -- Installing: /home/newton/lib/install/odrive_can/share/odrive_can/cmake/ament_cmake_export_dependencies-extras.cmake
[36.683s] -- Installing: /home/newton/lib/install/odrive_can/share/odrive_can/cmake/rosidl_cmake_export_typesupport_libraries-extras.cmake
[36.683s] -- Installing: /home/newton/lib/install/odrive_can/share/odrive_can/cmake/odrive_canConfig.cmake
[36.683s] -- Installing: /home/newton/lib/install/odrive_can/share/odrive_can/cmake/odrive_canConfig-version.cmake
[36.683s] -- Installing: /home/newton/lib/install/odrive_can/share/odrive_can/package.xml
[36.690s] Invoked command in '/home/newton/lib/build/odrive_can' returned '0': /usr/local/bin/cmake --install /home/newton/lib/build/odrive_can
