[0.240s] DEBUG:colcon:Command line arguments: ['/usr/bin/colcon', 'build']
[0.240s] DEBUG:colcon:Parsed command line arguments: Namespace(log_base=None, log_level=None, verb_name='build', build_base='build', install_base='install', merge_install=False, symlink_install=False, test_result_base=None, continue_on_error=False, executor='parallel', parallel_workers=6, event_handlers=None, ignore_user_meta=False, metas=['./colcon.meta'], base_paths=['.'], packages_ignore=None, packages_ignore_regex=None, paths=None, packages_up_to=None, packages_up_to_regex=None, packages_above=None, packages_above_and_dependencies=None, packages_above_depth=None, packages_select_by_dep=None, packages_skip_by_dep=None, packages_skip_up_to=None, packages_select_build_failed=False, packages_skip_build_finished=False, packages_select_test_failures=False, packages_skip_test_passed=False, packages_select=None, packages_skip=None, packages_select_regex=None, packages_skip_regex=None, packages_start=None, packages_end=None, cmake_args=None, cmake_target=None, cmake_target_skip_unavailable=False, cmake_clean_cache=False, cmake_clean_first=False, cmake_force_configure=False, ament_cmake_args=None, catkin_cmake_args=None, catkin_skip_building_tests=False, verb_parser=<colcon_defaults.argument_parser.defaults.DefaultArgumentsDecorator object at 0xffff93ed1210>, verb_extension=<colcon_core.verb.build.BuildVerb object at 0xffff940c2710>, main=<bound method BuildVerb.main of <colcon_core.verb.build.BuildVerb object at 0xffff940c2710>>)
[0.326s] Level 1:colcon.colcon_core.package_discovery:discover_packages(colcon_meta) check parameters
[0.326s] Level 1:colcon.colcon_core.package_discovery:discover_packages(recursive) check parameters
[0.326s] Level 1:colcon.colcon_core.package_discovery:discover_packages(ignore) check parameters
[0.327s] Level 1:colcon.colcon_core.package_discovery:discover_packages(path) check parameters
[0.327s] Level 1:colcon.colcon_core.package_discovery:discover_packages(colcon_meta) discover
[0.327s] Level 1:colcon.colcon_core.package_discovery:discover_packages(recursive) discover
[0.327s] INFO:colcon.colcon_core.package_discovery:Crawling recursively for packages in '/home/modules'
[0.327s] Level 1:colcon.colcon_core.package_identification:_identify(.) by extensions ['ignore', 'ignore_ament_install']
[0.327s] Level 1:colcon.colcon_core.package_identification:_identify(.) by extension 'ignore'
[0.328s] Level 1:colcon.colcon_core.package_identification:_identify(.) by extension 'ignore_ament_install'
[0.328s] Level 1:colcon.colcon_core.package_identification:_identify(.) by extensions ['colcon_pkg']
[0.328s] Level 1:colcon.colcon_core.package_identification:_identify(.) by extension 'colcon_pkg'
[0.328s] Level 1:colcon.colcon_core.package_identification:_identify(.) by extensions ['colcon_meta']
[0.328s] Level 1:colcon.colcon_core.package_identification:_identify(.) by extension 'colcon_meta'
[0.328s] Level 1:colcon.colcon_core.package_identification:_identify(.) by extensions ['ros']
[0.328s] Level 1:colcon.colcon_core.package_identification:_identify(.) by extension 'ros'
[0.360s] Level 1:colcon.colcon_core.package_identification:_identify(.) by extensions ['cmake', 'python']
[0.360s] Level 1:colcon.colcon_core.package_identification:_identify(.) by extension 'cmake'
[0.360s] Level 1:colcon.colcon_core.package_identification:_identify(.) by extension 'python'
[0.360s] Level 1:colcon.colcon_core.package_identification:_identify(.) by extensions ['python_setup_py']
[0.361s] Level 1:colcon.colcon_core.package_identification:_identify(.) by extension 'python_setup_py'
[0.361s] Level 1:colcon.colcon_core.package_identification:_identify(build) by extensions ['ignore', 'ignore_ament_install']
[0.361s] Level 1:colcon.colcon_core.package_identification:_identify(build) by extension 'ignore'
[0.361s] Level 1:colcon.colcon_core.package_identification:_identify(build) ignored
[0.362s] Level 1:colcon.colcon_core.package_identification:_identify(install) by extensions ['ignore', 'ignore_ament_install']
[0.362s] Level 1:colcon.colcon_core.package_identification:_identify(install) by extension 'ignore'
[0.362s] Level 1:colcon.colcon_core.package_identification:_identify(install) ignored
[0.362s] Level 1:colcon.colcon_core.package_identification:_identify(log) by extensions ['ignore', 'ignore_ament_install']
[0.362s] Level 1:colcon.colcon_core.package_identification:_identify(log) by extension 'ignore'
[0.362s] Level 1:colcon.colcon_core.package_identification:_identify(log) ignored
[0.363s] Level 1:colcon.colcon_core.package_identification:_identify(src) by extensions ['ignore', 'ignore_ament_install']
[0.363s] Level 1:colcon.colcon_core.package_identification:_identify(src) by extension 'ignore'
[0.363s] Level 1:colcon.colcon_core.package_identification:_identify(src) by extension 'ignore_ament_install'
[0.363s] Level 1:colcon.colcon_core.package_identification:_identify(src) by extensions ['colcon_pkg']
[0.363s] Level 1:colcon.colcon_core.package_identification:_identify(src) by extension 'colcon_pkg'
[0.363s] Level 1:colcon.colcon_core.package_identification:_identify(src) by extensions ['colcon_meta']
[0.363s] Level 1:colcon.colcon_core.package_identification:_identify(src) by extension 'colcon_meta'
[0.363s] Level 1:colcon.colcon_core.package_identification:_identify(src) by extensions ['ros']
[0.364s] Level 1:colcon.colcon_core.package_identification:_identify(src) by extension 'ros'
[0.364s] Level 1:colcon.colcon_core.package_identification:_identify(src) by extensions ['cmake', 'python']
[0.364s] Level 1:colcon.colcon_core.package_identification:_identify(src) by extension 'cmake'
[0.364s] Level 1:colcon.colcon_core.package_identification:_identify(src) by extension 'python'
[0.364s] Level 1:colcon.colcon_core.package_identification:_identify(src) by extensions ['python_setup_py']
[0.364s] Level 1:colcon.colcon_core.package_identification:_identify(src) by extension 'python_setup_py'
[0.364s] Level 1:colcon.colcon_core.package_identification:_identify(src/motor) by extensions ['ignore', 'ignore_ament_install']
[0.364s] Level 1:colcon.colcon_core.package_identification:_identify(src/motor) by extension 'ignore'
[0.365s] Level 1:colcon.colcon_core.package_identification:_identify(src/motor) by extension 'ignore_ament_install'
[0.365s] Level 1:colcon.colcon_core.package_identification:_identify(src/motor) by extensions ['colcon_pkg']
[0.365s] Level 1:colcon.colcon_core.package_identification:_identify(src/motor) by extension 'colcon_pkg'
[0.365s] Level 1:colcon.colcon_core.package_identification:_identify(src/motor) by extensions ['colcon_meta']
[0.365s] Level 1:colcon.colcon_core.package_identification:_identify(src/motor) by extension 'colcon_meta'
[0.365s] Level 1:colcon.colcon_core.package_identification:_identify(src/motor) by extensions ['ros']
[0.365s] Level 1:colcon.colcon_core.package_identification:_identify(src/motor) by extension 'ros'
[0.371s] DEBUG:colcon.colcon_core.package_identification:Package 'src/motor' with type 'ros.ament_cmake' and name 'odrive_motor'
[0.371s] Level 1:colcon.colcon_core.package_discovery:discover_packages(recursive) using defaults
[0.371s] Level 1:colcon.colcon_core.package_discovery:discover_packages(ignore) discover
[0.371s] Level 1:colcon.colcon_core.package_discovery:discover_packages(ignore) using defaults
[0.371s] Level 1:colcon.colcon_core.package_discovery:discover_packages(path) discover
[0.371s] Level 1:colcon.colcon_core.package_discovery:discover_packages(path) using defaults
[0.411s] Level 5:colcon.colcon_core.verb:set package 'odrive_motor' build argument 'cmake_args' from command line to 'None'
[0.411s] Level 5:colcon.colcon_core.verb:set package 'odrive_motor' build argument 'cmake_target' from command line to 'None'
[0.412s] Level 5:colcon.colcon_core.verb:set package 'odrive_motor' build argument 'cmake_target_skip_unavailable' from command line to 'False'
[0.412s] Level 5:colcon.colcon_core.verb:set package 'odrive_motor' build argument 'cmake_clean_cache' from command line to 'False'
[0.412s] Level 5:colcon.colcon_core.verb:set package 'odrive_motor' build argument 'cmake_clean_first' from command line to 'False'
[0.412s] Level 5:colcon.colcon_core.verb:set package 'odrive_motor' build argument 'cmake_force_configure' from command line to 'False'
[0.412s] Level 5:colcon.colcon_core.verb:set package 'odrive_motor' build argument 'ament_cmake_args' from command line to 'None'
[0.412s] Level 5:colcon.colcon_core.verb:set package 'odrive_motor' build argument 'catkin_cmake_args' from command line to 'None'
[0.412s] Level 5:colcon.colcon_core.verb:set package 'odrive_motor' build argument 'catkin_skip_building_tests' from command line to 'False'
[0.412s] DEBUG:colcon.colcon_core.verb:Building package 'odrive_motor' with the following arguments: {'ament_cmake_args': None, 'build_base': '/home/modules/build/odrive_motor', 'catkin_cmake_args': None, 'catkin_skip_building_tests': False, 'cmake_args': None, 'cmake_clean_cache': False, 'cmake_clean_first': False, 'cmake_force_configure': False, 'cmake_target': None, 'cmake_target_skip_unavailable': False, 'install_base': '/home/modules/install/odrive_motor', 'merge_install': False, 'path': '/home/modules/src/motor', 'symlink_install': False, 'test_result_base': None}
[0.412s] INFO:colcon.colcon_core.executor:Executing jobs using 'parallel' executor
[0.415s] DEBUG:colcon.colcon_parallel_executor.executor.parallel:run_until_complete
[0.415s] INFO:colcon.colcon_ros.task.ament_cmake.build:Building ROS package in '/home/modules/src/motor' with build type 'ament_cmake'
[0.415s] INFO:colcon.colcon_cmake.task.cmake.build:Building CMake package in '/home/modules/src/motor'
[0.422s] INFO:colcon.colcon_core.plugin_system:Skipping extension 'colcon_core.shell.bat': Not used on non-Windows systems
[0.422s] INFO:colcon.colcon_core.shell:Skip shell extension 'powershell' for command environment: Not usable outside of PowerShell
[0.422s] DEBUG:colcon.colcon_core.shell:Skip shell extension 'dsv' for command environment
[0.450s] DEBUG:colcon.colcon_core.event_handler.log_command:Invoking command in '/home/modules/build/odrive_motor': /usr/local/bin/cmake /home/modules/src/motor -DCMAKE_INSTALL_PREFIX=/home/modules/install/odrive_motor
[1.962s] DEBUG:colcon.colcon_core.event_handler.log_command:Invoked command in '/home/modules/build/odrive_motor' returned '0': /usr/local/bin/cmake /home/modules/src/motor -DCMAKE_INSTALL_PREFIX=/home/modules/install/odrive_motor
[1.968s] DEBUG:colcon.colcon_core.event_handler.log_command:Invoking command in '/home/modules/build/odrive_motor': /usr/local/bin/cmake --build /home/modules/build/odrive_motor -- -j6 -l6
[20.736s] DEBUG:colcon.colcon_core.event_handler.log_command:Invoked command in '/home/modules/build/odrive_motor' returned '0': /usr/local/bin/cmake --build /home/modules/build/odrive_motor -- -j6 -l6
[20.898s] DEBUG:colcon.colcon_core.event_handler.log_command:Invoking command in '/home/modules/build/odrive_motor': /usr/local/bin/cmake --install /home/modules/build/odrive_motor
[21.067s] Level 1:colcon.colcon_core.environment:create_environment_scripts_only(odrive_motor)
[21.069s] DEBUG:colcon.colcon_core.event_handler.log_command:Invoked command in '/home/modules/build/odrive_motor' returned '0': /usr/local/bin/cmake --install /home/modules/build/odrive_motor
[21.078s] Level 1:colcon.colcon_core.environment:checking '/home/modules/install/odrive_motor' for CMake module files
[21.080s] Level 1:colcon.colcon_core.environment:checking '/home/modules/install/odrive_motor' for CMake config files
[21.082s] Level 1:colcon.colcon_core.shell:create_environment_hook('odrive_motor', 'cmake_prefix_path')
[21.082s] INFO:colcon.colcon_core.shell:Creating environment hook '/home/modules/install/odrive_motor/share/odrive_motor/hook/cmake_prefix_path.ps1'
[21.085s] INFO:colcon.colcon_core.shell:Creating environment descriptor '/home/modules/install/odrive_motor/share/odrive_motor/hook/cmake_prefix_path.dsv'
[21.086s] INFO:colcon.colcon_core.shell:Creating environment hook '/home/modules/install/odrive_motor/share/odrive_motor/hook/cmake_prefix_path.sh'
[21.090s] Level 1:colcon.colcon_core.environment:checking '/home/modules/install/odrive_motor/lib'
[21.090s] Level 1:colcon.colcon_core.environment:checking '/home/modules/install/odrive_motor/bin'
[21.091s] Level 1:colcon.colcon_core.environment:checking '/home/modules/install/odrive_motor/lib/pkgconfig/odrive_motor.pc'
[21.096s] Level 1:colcon.colcon_core.environment:checking '/home/modules/install/odrive_motor/lib/python3.10/site-packages'
[21.097s] Level 1:colcon.colcon_core.environment:checking '/home/modules/install/odrive_motor/bin'
[21.098s] INFO:colcon.colcon_core.shell:Creating package script '/home/modules/install/odrive_motor/share/odrive_motor/package.ps1'
[21.102s] INFO:colcon.colcon_core.shell:Creating package descriptor '/home/modules/install/odrive_motor/share/odrive_motor/package.dsv'
[21.103s] INFO:colcon.colcon_core.shell:Creating package script '/home/modules/install/odrive_motor/share/odrive_motor/package.sh'
[21.106s] INFO:colcon.colcon_core.shell:Creating package script '/home/modules/install/odrive_motor/share/odrive_motor/package.bash'
[21.109s] INFO:colcon.colcon_core.shell:Creating package script '/home/modules/install/odrive_motor/share/odrive_motor/package.zsh'
[21.111s] Level 1:colcon.colcon_core.environment:create_file_with_runtime_dependencies(/home/modules/install/odrive_motor/share/colcon-core/packages/odrive_motor)
[21.114s] Level 1:colcon.colcon_core.environment:create_environment_scripts_only(odrive_motor)
[21.114s] Level 1:colcon.colcon_core.environment:checking '/home/modules/install/odrive_motor' for CMake module files
[21.116s] Level 1:colcon.colcon_core.environment:checking '/home/modules/install/odrive_motor' for CMake config files
[21.117s] Level 1:colcon.colcon_core.shell:create_environment_hook('odrive_motor', 'cmake_prefix_path')
[21.118s] INFO:colcon.colcon_core.shell:Creating environment hook '/home/modules/install/odrive_motor/share/odrive_motor/hook/cmake_prefix_path.ps1'
[21.119s] INFO:colcon.colcon_core.shell:Creating environment descriptor '/home/modules/install/odrive_motor/share/odrive_motor/hook/cmake_prefix_path.dsv'
[21.120s] INFO:colcon.colcon_core.shell:Creating environment hook '/home/modules/install/odrive_motor/share/odrive_motor/hook/cmake_prefix_path.sh'
[21.122s] Level 1:colcon.colcon_core.environment:checking '/home/modules/install/odrive_motor/lib'
[21.122s] Level 1:colcon.colcon_core.environment:checking '/home/modules/install/odrive_motor/bin'
[21.123s] Level 1:colcon.colcon_core.environment:checking '/home/modules/install/odrive_motor/lib/pkgconfig/odrive_motor.pc'
[21.123s] Level 1:colcon.colcon_core.environment:checking '/home/modules/install/odrive_motor/lib/python3.10/site-packages'
[21.124s] Level 1:colcon.colcon_core.environment:checking '/home/modules/install/odrive_motor/bin'
[21.125s] INFO:colcon.colcon_core.shell:Creating package script '/home/modules/install/odrive_motor/share/odrive_motor/package.ps1'
[21.127s] INFO:colcon.colcon_core.shell:Creating package descriptor '/home/modules/install/odrive_motor/share/odrive_motor/package.dsv'
[21.128s] INFO:colcon.colcon_core.shell:Creating package script '/home/modules/install/odrive_motor/share/odrive_motor/package.sh'
[21.129s] INFO:colcon.colcon_core.shell:Creating package script '/home/modules/install/odrive_motor/share/odrive_motor/package.bash'
[21.130s] INFO:colcon.colcon_core.shell:Creating package script '/home/modules/install/odrive_motor/share/odrive_motor/package.zsh'
[21.132s] Level 1:colcon.colcon_core.environment:create_file_with_runtime_dependencies(/home/modules/install/odrive_motor/share/colcon-core/packages/odrive_motor)
[21.133s] DEBUG:colcon.colcon_parallel_executor.executor.parallel:closing loop
[21.133s] DEBUG:colcon.colcon_parallel_executor.executor.parallel:loop closed
[21.133s] DEBUG:colcon.colcon_parallel_executor.executor.parallel:run_until_complete finished with '0'
[21.134s] DEBUG:colcon.colcon_core.event_reactor:joining thread
[21.154s] INFO:colcon.colcon_core.plugin_system:Skipping extension 'colcon_notification.desktop_notification.notify_send': Could not find 'notify-send'
[21.154s] INFO:colcon.colcon_core.plugin_system:Skipping extension 'colcon_notification.desktop_notification.terminal_notifier': Not used on non-Darwin systems
[21.154s] INFO:colcon.colcon_core.plugin_system:Skipping extension 'colcon_notification.desktop_notification.win32': Not used on non-Windows systems
[21.155s] INFO:colcon.colcon_notification.desktop_notification:Sending desktop notification using 'notify2'
[21.155s] DEBUG:colcon.colcon_notification.desktop_notification.notify2:Failed to initialize notify2: org.freedesktop.DBus.Error.NotSupported: Unable to autolaunch a dbus-daemon without a $DISPLAY for X11
[21.155s] DEBUG:colcon.colcon_core.event_reactor:joined thread
[21.156s] INFO:colcon.colcon_core.shell:Creating prefix script '/home/modules/install/local_setup.ps1'
[21.160s] INFO:colcon.colcon_core.shell:Creating prefix util module '/home/modules/install/_local_setup_util_ps1.py'
[21.164s] INFO:colcon.colcon_core.shell:Creating prefix chain script '/home/modules/install/setup.ps1'
[21.168s] INFO:colcon.colcon_core.shell:Creating prefix script '/home/modules/install/local_setup.sh'
[21.170s] INFO:colcon.colcon_core.shell:Creating prefix util module '/home/modules/install/_local_setup_util_sh.py'
[21.172s] INFO:colcon.colcon_core.shell:Creating prefix chain script '/home/modules/install/setup.sh'
[21.176s] INFO:colcon.colcon_core.shell:Creating prefix script '/home/modules/install/local_setup.bash'
[21.177s] INFO:colcon.colcon_core.shell:Creating prefix chain script '/home/modules/install/setup.bash'
[21.181s] INFO:colcon.colcon_core.shell:Creating prefix script '/home/modules/install/local_setup.zsh'
[21.182s] INFO:colcon.colcon_core.shell:Creating prefix chain script '/home/modules/install/setup.zsh'
