-- Found ament_cmake: 1.3.11 (/opt/ros/humble/install/share/ament_cmake/cmake)
-- Found rclcpp: 16.0.11 (/opt/ros/humble/install/share/rclcpp/cmake)
-- Found rosidl_generator_c: 3.1.6 (/opt/ros/humble/install/share/rosidl_generator_c/cmake)
-- Found rosidl_adapter: 3.1.6 (/opt/ros/humble/install/share/rosidl_adapter/cmake)
-- Found rosidl_generator_cpp: 3.1.6 (/opt/ros/humble/install/share/rosidl_generator_cpp/cmake)
-- Using all available rosidl_typesupport_c: rosidl_typesupport_fastrtps_c;rosidl_typesupport_introspection_c
-- Using all available rosidl_typesupport_cpp: rosidl_typesupport_fastrtps_cpp;rosidl_typesupport_introspection_cpp
-- Found rmw_implementation_cmake: 6.1.2 (/opt/ros/humble/install/share/rmw_implementation_cmake/cmake)
-- Found rmw_fastrtps_cpp: 6.2.7 (/opt/ros/humble/install/share/rmw_fastrtps_cpp/cmake)
-- Using RMW implementation 'rmw_fastrtps_cpp' as default
-- Found odrive_can: 0.0.1 (/home/lib/ros_odrive/install/odrive_can/share/odrive_can/cmake)
-- Found std_srvs: 4.2.4 (/opt/ros/humble/install/share/std_srvs/cmake)
-- Found ament_cmake_gtest: 1.3.11 (/opt/ros/humble/install/share/ament_cmake_gtest/cmake)
-- Configuring done (1.3s)
-- Generating done (0.0s)
-- Build files have been written to: /home/modules/build/odrive_motor
[ 66%] [32mBuilding CXX object CMakeFiles/odrive_motor_node.dir/src/main.cpp.o[0m
[ 66%] [32mBuilding CXX object CMakeFiles/odrive_motor_node.dir/src/motor.cpp.o[0m
[100%] [32m[1mLinking CXX executable odrive_motor_node[0m
[100%] Built target odrive_motor_node
-- Install configuration: ""
-- Installing: /home/modules/install/odrive_motor/lib/odrive_motor/odrive_motor_node
-- Set non-toolchain portion of runtime path of "/home/modules/install/odrive_motor/lib/odrive_motor/odrive_motor_node" to ""
-- Installing: /home/modules/install/odrive_motor/include
-- Installing: /home/modules/install/odrive_motor/include/motor.h
-- Installing: /home/modules/install/odrive_motor/share/ament_index/resource_index/package_run_dependencies/odrive_motor
-- Installing: /home/modules/install/odrive_motor/share/ament_index/resource_index/parent_prefix_path/odrive_motor
-- Installing: /home/modules/install/odrive_motor/share/odrive_motor/environment/ament_prefix_path.sh
-- Installing: /home/modules/install/odrive_motor/share/odrive_motor/environment/ament_prefix_path.dsv
-- Installing: /home/modules/install/odrive_motor/share/odrive_motor/environment/path.sh
-- Installing: /home/modules/install/odrive_motor/share/odrive_motor/environment/path.dsv
-- Installing: /home/modules/install/odrive_motor/share/odrive_motor/local_setup.bash
-- Installing: /home/modules/install/odrive_motor/share/odrive_motor/local_setup.sh
-- Installing: /home/modules/install/odrive_motor/share/odrive_motor/local_setup.zsh
-- Installing: /home/modules/install/odrive_motor/share/odrive_motor/local_setup.dsv
-- Installing: /home/modules/install/odrive_motor/share/odrive_motor/package.dsv
-- Installing: /home/modules/install/odrive_motor/share/ament_index/resource_index/packages/odrive_motor
-- Installing: /home/modules/install/odrive_motor/share/odrive_motor/cmake/odrive_motorConfig.cmake
-- Installing: /home/modules/install/odrive_motor/share/odrive_motor/cmake/odrive_motorConfig-version.cmake
-- Installing: /home/modules/install/odrive_motor/share/odrive_motor/package.xml
