[0.034s] Invoking command in '/home/modules/build/odrive_motor': /usr/local/bin/cmake /home/modules/src/motor -DCMAKE_INSTALL_PREFIX=/home/modules/install/odrive_motor
[0.215s] -- Found ament_cmake: 1.3.11 (/opt/ros/humble/install/share/ament_cmake/cmake)
[0.679s] -- Found rclcpp: 16.0.11 (/opt/ros/humble/install/share/rclcpp/cmake)
[0.769s] -- Found rosidl_generator_c: 3.1.6 (/opt/ros/humble/install/share/rosidl_generator_c/cmake)
[0.776s] -- Found rosidl_adapter: 3.1.6 (/opt/ros/humble/install/share/rosidl_adapter/cmake)
[0.791s] -- Found rosidl_generator_cpp: 3.1.6 (/opt/ros/humble/install/share/rosidl_generator_cpp/cmake)
[0.817s] -- Using all available rosidl_typesupport_c: rosidl_typesupport_fastrtps_c;rosidl_typesupport_introspection_c
[0.851s] -- Using all available rosidl_typesupport_cpp: rosidl_typesupport_fastrtps_cpp;rosidl_typesupport_introspection_cpp
[0.938s] -- Found rmw_implementation_cmake: 6.1.2 (/opt/ros/humble/install/share/rmw_implementation_cmake/cmake)
[0.942s] -- Found rmw_fastrtps_cpp: 6.2.7 (/opt/ros/humble/install/share/rmw_fastrtps_cpp/cmake)
[1.165s] -- Using RMW implementation 'rmw_fastrtps_cpp' as default
[1.298s] -- Found odrive_can: 0.0.1 (/home/lib/ros_odrive/install/odrive_can/share/odrive_can/cmake)
[1.325s] -- Found std_srvs: 4.2.4 (/opt/ros/humble/install/share/std_srvs/cmake)
[1.356s] -- Found ament_cmake_gtest: 1.3.11 (/opt/ros/humble/install/share/ament_cmake_gtest/cmake)
[1.494s] -- Configuring done (1.3s)
[1.522s] -- Generating done (0.0s)
[1.527s] -- Build files have been written to: /home/modules/build/odrive_motor
[1.546s] Invoked command in '/home/modules/build/odrive_motor' returned '0': /usr/local/bin/cmake /home/modules/src/motor -DCMAKE_INSTALL_PREFIX=/home/modules/install/odrive_motor
[1.552s] Invoking command in '/home/modules/build/odrive_motor': /usr/local/bin/cmake --build /home/modules/build/odrive_motor -- -j6 -l6
[1.755s] [ 66%] [32mBuilding CXX object CMakeFiles/odrive_motor_node.dir/src/main.cpp.o[0m
[1.755s] [ 66%] [32mBuilding CXX object CMakeFiles/odrive_motor_node.dir/src/motor.cpp.o[0m
[19.527s] [100%] [32m[1mLinking CXX executable odrive_motor_node[0m
[20.305s] [100%] Built target odrive_motor_node
[20.320s] Invoked command in '/home/modules/build/odrive_motor' returned '0': /usr/local/bin/cmake --build /home/modules/build/odrive_motor -- -j6 -l6
[20.482s] Invoking command in '/home/modules/build/odrive_motor': /usr/local/bin/cmake --install /home/modules/build/odrive_motor
[20.636s] -- Install configuration: ""
[20.636s] -- Installing: /home/modules/install/odrive_motor/lib/odrive_motor/odrive_motor_node
[20.644s] -- Set non-toolchain portion of runtime path of "/home/modules/install/odrive_motor/lib/odrive_motor/odrive_motor_node" to ""
[20.644s] -- Installing: /home/modules/install/odrive_motor/include
[20.644s] -- Installing: /home/modules/install/odrive_motor/include/motor.h
[20.644s] -- Installing: /home/modules/install/odrive_motor/share/ament_index/resource_index/package_run_dependencies/odrive_motor
[20.645s] -- Installing: /home/modules/install/odrive_motor/share/ament_index/resource_index/parent_prefix_path/odrive_motor
[20.645s] -- Installing: /home/modules/install/odrive_motor/share/odrive_motor/environment/ament_prefix_path.sh
[20.645s] -- Installing: /home/modules/install/odrive_motor/share/odrive_motor/environment/ament_prefix_path.dsv
[20.646s] -- Installing: /home/modules/install/odrive_motor/share/odrive_motor/environment/path.sh
[20.646s] -- Installing: /home/modules/install/odrive_motor/share/odrive_motor/environment/path.dsv
[20.646s] -- Installing: /home/modules/install/odrive_motor/share/odrive_motor/local_setup.bash
[20.646s] -- Installing: /home/modules/install/odrive_motor/share/odrive_motor/local_setup.sh
[20.647s] -- Installing: /home/modules/install/odrive_motor/share/odrive_motor/local_setup.zsh
[20.647s] -- Installing: /home/modules/install/odrive_motor/share/odrive_motor/local_setup.dsv
[20.647s] -- Installing: /home/modules/install/odrive_motor/share/odrive_motor/package.dsv
[20.647s] -- Installing: /home/modules/install/odrive_motor/share/ament_index/resource_index/packages/odrive_motor
[20.648s] -- Installing: /home/modules/install/odrive_motor/share/odrive_motor/cmake/odrive_motorConfig.cmake
[20.648s] -- Installing: /home/modules/install/odrive_motor/share/odrive_motor/cmake/odrive_motorConfig-version.cmake
[20.648s] -- Installing: /home/modules/install/odrive_motor/share/odrive_motor/package.xml
[20.653s] Invoked command in '/home/modules/build/odrive_motor' returned '0': /usr/local/bin/cmake --install /home/modules/build/odrive_motor
